09/09/21, 09:47:01, 4, 0, :Invalid directory.
09/09/21, 09:47:03, 4, 0, :Invalid directory.
09/09/21, 09:51:43, 4, 0, :Invalid directory.
09/09/21, 09:51:46, 4, 0, :Invalid directory.
09/09/21, 09:52:05, 4, 0, :Invalid directory.
09/09/21, 09:52:12, 4, 0, :Invalid directory.
09/09/21, 09:53:25, 4, 0, :Invalid directory.
09/09/21, 09:54:11, 4, 0, :Invalid directory.
09/09/21, 09:57:58, 4, 0, :Invalid directory.
09/09/21, 09:58:50, 4, 0, :Invalid directory.
09/09/21, 09:59:01, 4, 0, :Invalid directory.
09/09/21, 10:00:39, 4, 0, :Invalid directory.
09/09/21, 10:01:07, 4, 0, :Invalid directory.
09/09/21, 10:03:07, 4, 0, :File not found.
09/09/21, 10:03:15, 4, 0, :File not found.
09/09/21, 10:03:23, 4, 0, :File not found.
09/09/21, 10:05:12, 4, 0, :File not found.
09/09/21, 10:05:22, 4, 0, :File not found.
09/09/21, 10:05:28, 4, 0, :File not found.
09/09/21, 13:24:20, 4, 0, :Invalid directory.
09/09/21, 13:24:20, 4, 0, :Invalid directory.
09/13/21, 10:09:31, 4, 0, :Invalid directory.
09/13/21, 10:09:31, 4, 0, :Invalid directory.
09/13/21, 23:07:21, 4, 0, :Invalid directory.
09/13/21, 23:07:21, 4, 0, :Invalid directory.
09/15/21, 13:54:43, 4, 0, :Invalid directory.
09/15/21, 13:54:43, 4, 0, :Invalid directory.
09/15/21, 14:00:08, 4, 0, :File not found.
09/15/21, 14:00:08, 4, 0, :File not found.
09/15/21, 22:39:33, 4, 0, :File not found.
09/15/21, 22:39:33, 4, 0, :File not found.
10/29/21, 10:49:15, 4, 0, :File not found.
12/10/21, 11:12:32, 4, 0, :File not found.
12/10/21, 11:12:32, 4, 0, :File not found.
12/10/21, 11:12:42, 4, 0, :File not found.
01/06/22, 17:05:28, 4, 0, G:\VBDotNetERP_Working\Form\bin\Debug\Reports\Rgp_NrgpReq.rpt:Invalid report version.
01/06/22, 17:05:28, 4, 0, G:\VBDotNetERP_Working\Form\bin\Debug\Reports\Rgp_NrgpReq.rpt:Invalid report version.
01/25/22, 10:17:17, 4, 0, :File not found.
01/25/22, 10:17:17, 4, 0, :File not found.
01/25/22, 10:31:03, 4, 0, :File not found.
01/25/22, 10:31:03, 4, 0, :File not found.
01/25/22, 10:31:39, 4, 0, :File not found.
01/25/22, 10:31:39, 4, 0, :File not found.
01/25/22, 10:32:02, 4, 0, :File not found.
01/25/22, 10:32:02, 4, 0, :File not found.
01/25/22, 10:33:09, 4, 0, :File not found.
01/25/22, 10:33:09, 4, 0, :File not found.
01/26/22, 14:20:50, 4, 0, :File not found.
01/26/22, 14:24:05, 4, 0, :File not found.
01/28/22, 16:03:04, 4, 0, :File not found.
02/21/22, 17:19:55, 4, 0, :Invalid directory.
02/21/22, 17:19:55, 4, 0, :Invalid directory.
03/05/22, 12:34:09, 4, 0, :Invalid directory.
03/05/22, 12:34:09, 4, 0, :Invalid directory.
03/05/22, 12:37:37, 4, 0, :Invalid directory.
03/05/22, 12:37:37, 4, 0, :Invalid directory.
03/07/22, 19:46:43, 4, 0, G:\VBDotNetERP_Working\Form\bin\Debug\Reports\Rgp_NrgpReq.rpt:Invalid report version.
03/07/22, 19:46:43, 4, 0, G:\VBDotNetERP_Working\Form\bin\Debug\Reports\Rgp_NrgpReq.rpt:Invalid report version.
03/07/22, 19:46:45, 4, 0, G:\VBDotNetERP_Working\Form\bin\Debug\Reports\Rgp_NrgpReq.rpt:Invalid report version.
03/07/22, 19:46:46, 4, 0, G:\VBDotNetERP_Working\Form\bin\Debug\Reports\Rgp_NrgpReq.rpt:Invalid report version.
03/07/22, 19:46:48, 4, 0, G:\VBDotNetERP_Working\Form\bin\Debug\Reports\Rgp_NrgpReq.rpt:Invalid report version.
03/07/22, 19:46:48, 4, 0, G:\VBDotNetERP_Working\Form\bin\Debug\Reports\Rgp_NrgpReq.rpt:Invalid report version.
03/07/22, 19:47:45, 4, 0, G:\VBDotNetERP_Working\Form\bin\Debug\Reports\Rgp_NrgpReq.rpt:Invalid report version.
03/07/22, 19:47:45, 4, 0, G:\VBDotNetERP_Working\Form\bin\Debug\Reports\Rgp_NrgpReq.rpt:Invalid report version.
03/07/22, 19:49:20, 4, 0, G:\VBDotNetERP_Working\Form\bin\Debug\Reports\Rgp_NrgpReq.rpt:Invalid report version.
03/07/22, 19:49:20, 4, 0, G:\VBDotNetERP_Working\Form\bin\Debug\Reports\Rgp_NrgpReq.rpt:Invalid report version.
03/18/22, 17:16:01, 4, 0, G:\VBDotNetERP_Working\Form\bin\Debug\Reports\Rgp_NrgpReq.rpt:Invalid report version.
03/18/22, 17:16:01, 4, 0, G:\VBDotNetERP_Working\Form\bin\Debug\Reports\Rgp_NrgpReq.rpt:Invalid report version.
04/20/22, 07:37:32, 4, 0, :File not found.
05/24/22, 08:40:44, 4, 0, :Invalid directory.
05/24/22, 08:40:44, 4, 0, :Invalid directory.
05/29/22, 14:11:38, 4, 0, G:\VBDotNetERP_Working\Form\bin\Debug\Reports\ExportInv.RPT:Error detected by database DLL.
05/29/22, 14:13:37, 4, 0, G:\VBDotNetERP_Working\Form\bin\Debug\Reports\ExportInv.RPT:Error detected by database DLL.
05/29/22, 14:16:00, 4, 0, G:\VBDotNetERP_Working\Form\bin\Debug\Reports\ExportInv.RPT:Error detected by database DLL.
05/29/22, 15:18:07, 4, 0, G:\VBDotNetERP_Working\Form\bin\Debug\Reports\ExportInv.RPT:Error detected by database DLL.
05/29/22, 15:27:32, 4, 0, G:\VBDotNetERP_Working\Form\bin\Debug\Reports\ExportInv.RPT:Error detected by database DLL.
06/03/22, 21:15:51, 4, 0, G:\VBDotNetERP_Working\Form\bin\Debug\Reports\ExportInv.RPT:Error detected by database DLL.
06/03/22, 21:16:03, 4, 0, G:\VBDotNetERP_Working\Form\bin\Debug\Reports\ExportInv.RPT:Error detected by database DLL.
06/27/22, 13:35:13, 4, 0, G:\VBDotNetERP_Working\Form\bin\Debug\Reports\PO_PRN_GST_LOC.rpt:The matching " for this string is missing.
06/27/22, 13:35:13, 4, 0, G:\VBDotNetERP_Working\Form\bin\Debug\Reports\PO_PRN_GST_LOC.rpt:The matching " for this string is missing.
06/27/22, 13:35:13, 4, 0, G:\VBDotNetERP_Working\Form\bin\Debug\Reports\PO_PRN_GST_LOC.rpt:The matching " for this string is missing.
06/27/22, 13:35:20, 4, 0, G:\VBDotNetERP_Working\Form\bin\Debug\Reports\PO_PRN_GST_LOC.rpt:The matching " for this string is missing.
06/27/22, 13:35:20, 4, 0, G:\VBDotNetERP_Working\Form\bin\Debug\Reports\PO_PRN_GST_LOC.rpt:The matching " for this string is missing.
06/27/22, 13:35:20, 4, 0, G:\VBDotNetERP_Working\Form\bin\Debug\Reports\PO_PRN_GST_LOC.rpt:The matching " for this string is missing.
06/27/22, 13:36:55, 4, 0, G:\VBDotNetERP_Working\Form\bin\Debug\Reports\PO_PRN_GST_LOC.rpt:The matching " for this string is missing.
06/27/22, 13:36:55, 4, 0, G:\VBDotNetERP_Working\Form\bin\Debug\Reports\PO_PRN_GST_LOC.rpt:The matching " for this string is missing.
06/27/22, 13:36:55, 4, 0, G:\VBDotNetERP_Working\Form\bin\Debug\Reports\PO_PRN_GST_LOC.rpt:The matching " for this string is missing.
06/27/22, 13:45:25, 4, 0, G:\VBDotNetERP_Working\Form\bin\Debug\Reports\PO_PRN_GST_LOC.rpt:The matching " for this string is missing.
06/27/22, 13:45:25, 4, 0, G:\VBDotNetERP_Working\Form\bin\Debug\Reports\PO_PRN_GST_LOC.rpt:The matching " for this string is missing.
06/27/22, 13:45:25, 4, 0, G:\VBDotNetERP_Working\Form\bin\Debug\Reports\PO_PRN_GST_LOC.rpt:The matching " for this string is missing.
06/27/22, 13:47:02, 4, 0, G:\VBDotNetERP_Working\Form\bin\Debug\Reports\PO_PRN_GST_LOC.rpt:The matching " for this string is missing.
06/27/22, 13:47:02, 4, 0, G:\VBDotNetERP_Working\Form\bin\Debug\Reports\PO_PRN_GST_LOC.rpt:The matching " for this string is missing.
06/27/22, 13:47:02, 4, 0, G:\VBDotNetERP_Working\Form\bin\Debug\Reports\PO_PRN_GST_LOC.rpt:The matching " for this string is missing.
06/27/22, 13:50:18, 4, 0, G:\VBDotNetERP_Working\Form\bin\Debug\Reports\PO_PRN_GST_LOC.rpt:The matching " for this string is missing.
06/27/22, 13:50:18, 4, 0, G:\VBDotNetERP_Working\Form\bin\Debug\Reports\PO_PRN_GST_LOC.rpt:The matching " for this string is missing.
06/27/22, 13:50:18, 4, 0, G:\VBDotNetERP_Working\Form\bin\Debug\Reports\PO_PRN_GST_LOC.rpt:The matching " for this string is missing.
06/27/22, 13:54:18, 4, 0, G:\VBDotNetERP_Working\Form\bin\Debug\Reports\PO_PRN_GST_LOC.rpt:The matching " for this string is missing.
06/27/22, 13:54:18, 4, 0, G:\VBDotNetERP_Working\Form\bin\Debug\Reports\PO_PRN_GST_LOC.rpt:The matching " for this string is missing.
06/27/22, 13:54:18, 4, 0, G:\VBDotNetERP_Working\Form\bin\Debug\Reports\PO_PRN_GST_LOC.rpt:The matching " for this string is missing.
06/27/22, 14:07:03, 4, 0, G:\VBDotNetERP_Working\Form\bin\Debug\Reports\PO_PRN_GST_LOC.rpt:The matching " for this string is missing.
06/27/22, 14:07:03, 4, 0, G:\VBDotNetERP_Working\Form\bin\Debug\Reports\PO_PRN_GST_LOC.rpt:The matching " for this string is missing.
06/27/22, 14:07:03, 4, 0, G:\VBDotNetERP_Working\Form\bin\Debug\Reports\PO_PRN_GST_LOC.rpt:The matching " for this string is missing.
06/27/22, 14:07:16, 4, 0, G:\VBDotNetERP_Working\Form\bin\Debug\Reports\PO_PRN_GST_LOC.rpt:The matching " for this string is missing.
06/27/22, 14:07:16, 4, 0, G:\VBDotNetERP_Working\Form\bin\Debug\Reports\PO_PRN_GST_LOC.rpt:The matching " for this string is missing.
06/27/22, 14:07:16, 4, 0, G:\VBDotNetERP_Working\Form\bin\Debug\Reports\PO_PRN_GST_LOC.rpt:The matching " for this string is missing.
06/27/22, 14:10:03, 4, 0, G:\VBDotNetERP_Working\Form\bin\Debug\Reports\PO_PRN_GST_LOC.rpt:The matching " for this string is missing.
06/27/22, 14:10:03, 4, 0, G:\VBDotNetERP_Working\Form\bin\Debug\Reports\PO_PRN_GST_LOC.rpt:The matching " for this string is missing.
06/27/22, 14:10:03, 4, 0, G:\VBDotNetERP_Working\Form\bin\Debug\Reports\PO_PRN_GST_LOC.rpt:The matching " for this string is missing.
06/27/22, 14:12:58, 4, 0, G:\VBDotNetERP_Working\Form\bin\Debug\Reports\PO_PRN_GST_LOC.rpt:The matching " for this string is missing.
06/27/22, 14:12:58, 4, 0, G:\VBDotNetERP_Working\Form\bin\Debug\Reports\PO_PRN_GST_LOC.rpt:The matching " for this string is missing.
06/27/22, 14:12:58, 4, 0, G:\VBDotNetERP_Working\Form\bin\Debug\Reports\PO_PRN_GST_LOC.rpt:The matching " for this string is missing.
06/27/22, 14:14:57, 4, 0, G:\VBDotNetERP_Working\Form\bin\Debug\Reports\PO_PRN_GST_LOC.rpt:The matching " for this string is missing.
06/27/22, 14:14:57, 4, 0, G:\VBDotNetERP_Working\Form\bin\Debug\Reports\PO_PRN_GST_LOC.rpt:The matching " for this string is missing.
06/27/22, 14:14:57, 4, 0, G:\VBDotNetERP_Working\Form\bin\Debug\Reports\PO_PRN_GST_LOC.rpt:The matching " for this string is missing.
06/27/22, 14:17:58, 4, 0, G:\VBDotNetERP_Working\Form\bin\Debug\Reports\PO_PRN_GST_LOC.rpt:The matching " for this string is missing.
06/27/22, 14:17:58, 4, 0, G:\VBDotNetERP_Working\Form\bin\Debug\Reports\PO_PRN_GST_LOC.rpt:The matching " for this string is missing.
06/27/22, 14:17:58, 4, 0, G:\VBDotNetERP_Working\Form\bin\Debug\Reports\PO_PRN_GST_LOC.rpt:The matching " for this string is missing.
06/27/22, 14:18:03, 4, 0, G:\VBDotNetERP_Working\Form\bin\Debug\Reports\PO_PRN_GST_LOC.rpt:The matching " for this string is missing.
06/27/22, 14:18:03, 4, 0, G:\VBDotNetERP_Working\Form\bin\Debug\Reports\PO_PRN_GST_LOC.rpt:The matching " for this string is missing.
06/27/22, 14:18:03, 4, 0, G:\VBDotNetERP_Working\Form\bin\Debug\Reports\PO_PRN_GST_LOC.rpt:The matching " for this string is missing.
06/27/22, 14:19:25, 4, 0, G:\VBDotNetERP_Working\Form\bin\Debug\Reports\PO_PRN_GST_LOC.rpt:The matching " for this string is missing.
06/27/22, 14:19:25, 4, 0, G:\VBDotNetERP_Working\Form\bin\Debug\Reports\PO_PRN_GST_LOC.rpt:The matching " for this string is missing.
06/27/22, 14:19:25, 4, 0, G:\VBDotNetERP_Working\Form\bin\Debug\Reports\PO_PRN_GST_LOC.rpt:The matching " for this string is missing.
07/04/22, 19:50:49, 4, 0, G:\VBDotNetERP_Working\Form\bin\Debug\Reports\ExportInv.RPT:The matching " for this string is missing.
07/04/22, 19:50:49, 4, 0, G:\VBDotNetERP_Working\Form\bin\Debug\Reports\ExportInv.RPT:The matching " for this string is missing.
07/04/22, 19:50:49, 4, 0, G:\VBDotNetERP_Working\Form\bin\Debug\Reports\ExportInv.RPT:The matching " for this string is missing.
07/04/22, 19:50:52, 4, 0, G:\VBDotNetERP_Working\Form\bin\Debug\Reports\ExportPacking.RPT:The matching " for this string is missing.
07/04/22, 19:50:52, 4, 0, G:\VBDotNetERP_Working\Form\bin\Debug\Reports\ExportPacking.RPT:The matching " for this string is missing.
07/04/22, 19:50:52, 4, 0, G:\VBDotNetERP_Working\Form\bin\Debug\Reports\ExportPacking.RPT:The matching " for this string is missing.
07/04/22, 19:53:22, 4, 0, G:\VBDotNetERP_Working\Form\bin\Debug\Reports\ExportInv.RPT:The matching " for this string is missing.
07/04/22, 19:53:22, 4, 0, G:\VBDotNetERP_Working\Form\bin\Debug\Reports\ExportInv.RPT:The matching " for this string is missing.
07/04/22, 19:53:22, 4, 0, G:\VBDotNetERP_Working\Form\bin\Debug\Reports\ExportInv.RPT:The matching " for this string is missing.
07/04/22, 19:53:46, 4, 0, G:\VBDotNetERP_Working\Form\bin\Debug\Reports\ExportInv.RPT:The matching " for this string is missing.
07/04/22, 19:53:46, 4, 0, G:\VBDotNetERP_Working\Form\bin\Debug\Reports\ExportInv.RPT:The matching " for this string is missing.
07/04/22, 19:53:46, 4, 0, G:\VBDotNetERP_Working\Form\bin\Debug\Reports\ExportInv.RPT:The matching " for this string is missing.
07/05/22, 05:49:25, 4, 0, G:\VBDotNetERP_Working\Form\bin\Debug\Reports\ExportInv.RPT:The matching " for this string is missing.
07/05/22, 05:49:25, 4, 0, G:\VBDotNetERP_Working\Form\bin\Debug\Reports\ExportInv.RPT:The matching " for this string is missing.
07/05/22, 05:49:25, 4, 0, G:\VBDotNetERP_Working\Form\bin\Debug\Reports\ExportInv.RPT:The matching " for this string is missing.
07/05/22, 05:51:45, 4, 0, G:\VBDotNetERP_Working\Form\bin\Debug\Reports\ExportInv.RPT:The matching " for this string is missing.
07/05/22, 05:51:45, 4, 0, G:\VBDotNetERP_Working\Form\bin\Debug\Reports\ExportInv.RPT:The matching " for this string is missing.
07/05/22, 05:51:45, 4, 0, G:\VBDotNetERP_Working\Form\bin\Debug\Reports\ExportInv.RPT:The matching " for this string is missing.
07/15/22, 11:59:52, 4, 0, G:\VBDotNetERP_Working\Form\bin\Debug\Reports\PO_PRN_GST.rpt:The remaining text does not appear to be part of the formula.
07/15/22, 11:59:52, 4, 0, G:\VBDotNetERP_Working\Form\bin\Debug\Reports\PO_PRN_GST.rpt:The remaining text does not appear to be part of the formula.
07/15/22, 11:59:52, 4, 0, G:\VBDotNetERP_Working\Form\bin\Debug\Reports\PO_PRN_GST.rpt:The remaining text does not appear to be part of the formula.
07/15/22, 12:01:33, 4, 0, G:\VBDotNetERP_Working\Form\bin\Debug\Reports\PO_PRN_GST.rpt:The remaining text does not appear to be part of the formula.
07/15/22, 12:01:33, 4, 0, G:\VBDotNetERP_Working\Form\bin\Debug\Reports\PO_PRN_GST.rpt:The remaining text does not appear to be part of the formula.
07/15/22, 12:01:33, 4, 0, G:\VBDotNetERP_Working\Form\bin\Debug\Reports\PO_PRN_GST.rpt:The remaining text does not appear to be part of the formula.
07/20/22, 17:11:24, 4, 0, :Invalid directory.
07/20/22, 17:11:24, 4, 0, :Invalid directory.
07/20/22, 17:11:50, 4, 0, :Invalid directory.
07/20/22, 17:11:50, 4, 0, :Invalid directory.
07/20/22, 17:11:59, 4, 0, :Invalid directory.
07/20/22, 17:11:59, 4, 0, :Invalid directory.
07/24/22, 16:12:39, 4, 0, G:\VBDotNetERP_Working\Form\bin\Debug\Reports\ExportInv_All.RPT:Error detected by database DLL.
07/26/22, 11:13:54, 4, 0, G:\VBDotNetERP_Working\Form\bin\Debug\Reports\ExportInv_All.RPT:Error detected by database DLL.
08/29/22, 17:27:51, 4, 0, G:\VBDotNetERP_Working\Form\bin\Debug\Reports\POTERMS_PRN_GST.rpt:Error detected by database DLL.
10/09/22, 21:27:04, 4, 0, :File not found.
10/11/22, 13:31:52, 4, 0, G:\VBDotNetERP_Working\Form\bin\Debug\Reports\PackingList_ALLNew.RPT:Error detected by database DLL.
10/11/22, 13:32:05, 4, 0, G:\VBDotNetERP_Working\Form\bin\Debug\Reports\PackingList_ALLNew.RPT:Error detected by database DLL.
10/11/22, 13:35:17, 4, 0, G:\VBDotNetERP_Working\Form\bin\Debug\Reports\PackingList_ALLNew.RPT:Error detected by database DLL.
10/11/22, 13:50:23, 4, 0, G:\VBDotNetERP_Working\Form\bin\Debug\Reports\PackingList_ALLNew.RPT:Error detected by database DLL.
10/11/22, 14:10:31, 4, 0, G:\VBDotNetERP_Working\Form\bin\Debug\Reports\PackingList_ALLNew.RPT:Error detected by database DLL.
10/29/22, 08:58:11, 4, 0, :File not found.
10/29/22, 08:58:11, 4, 0, :File not found.
11/03/22, 22:31:59, 4, 0, G:\VBDotNetERP_Working\Form\bin\Debug\Reports\ItemDespatchSamsung.RPT:Error detected by database DLL.
11/03/22, 22:32:26, 4, 0, G:\VBDotNetERP_Working\Form\bin\Debug\Reports\ItemDespatchSamsung.RPT:Error detected by database DLL.
11/03/22, 22:33:55, 4, 0, G:\VBDotNetERP_Working\Form\bin\Debug\Reports\ItemDespatchSamsung.RPT:Error detected by database DLL.
11/05/22, 22:08:19, 4, 0, G:\VBDotNetERP_Working\Form\bin\Debug\Reports\SalesMISSumm.RPT:The string in non-numeric.
11/05/22, 22:29:32, 4, 0, G:\VBDotNetERP_Working\Form\bin\Debug\Reports\SalesMISSumm.RPT:The string in non-numeric.
11/05/22, 23:19:52, 4, 0, G:\VBDotNetERP_Working\Form\bin\Debug\Reports\SalesMIS.RPT:The string in non-numeric.
11/06/22, 22:42:47, 4, 0, G:\VBDotNetERP_Working\Form\bin\Debug\Reports\ItemDespatchSumm.RPT:Error starting print job. Please check your printer or network connection.
11/10/22, 21:33:23, 4, 0, G:\VBDotNetERP_Working\Form\bin\Debug\Reports\DailyAttnEmpCheckList_OR.Rpt:Error starting print job. Please check your printer or network connection.
11/10/22, 21:58:21, 4, 0, G:\VBDotNetERP_Working\Form\bin\Debug\Reports\MonthlyAttnCheckList.Rpt:Error starting print job. Please check your printer or network connection.
11/20/22, 08:58:23, 4, 0, G:\VBDotNetERP_Working\Form\bin\Debug\Reports\SalesMIS.RPT:The string in non-numeric.
11/20/22, 09:01:05, 4, 0, G:\VBDotNetERP_Working\Form\bin\Debug\Reports\SalesMIS.RPT:The string in non-numeric.
11/20/22, 09:36:35, 4, 0, G:\VBDotNetERP_Working\Form\bin\Debug\Reports\SalesMISSumm.RPT:The string in non-numeric.
12/03/22, 13:38:25, 4, 0, G:\VBDotNetERP_Working\Form\bin\Debug\reports\PurchaseGST.rpt:Error detected by database DLL.
12/03/22, 13:38:31, 4, 0, G:\VBDotNetERP_Working\Form\bin\Debug\reports\PurchaseGST.rpt:Error detected by database DLL.
12/03/22, 13:42:35, 4, 0, G:\VBDotNetERP_Working\Form\bin\Debug\reports\PurchaseGST.rpt:Error detected by database DLL.
12/03/22, 13:42:49, 4, 0, G:\VBDotNetERP_Working\Form\bin\Debug\reports\PurchaseGST.rpt:Error detected by database DLL.
12/05/22, 15:18:26, 4, 0, :File not found.
12/05/22, 15:18:26, 4, 0, :File not found.
12/19/22, 16:05:44, 4, 0, :File not found.
12/19/22, 16:05:44, 4, 0, :File not found.
12/20/22, 07:08:38, 4, 0, :File not found.
12/20/22, 07:08:38, 4, 0, :File not found.
12/20/22, 07:25:50, 4, 0, :File not found.
12/20/22, 07:25:50, 4, 0, :File not found.
12/20/22, 07:30:55, 4, 0, :File not found.
12/20/22, 07:30:55, 4, 0, :File not found.
12/20/22, 07:50:44, 4, 0, :File not found.
12/20/22, 07:50:46, 4, 0, :File not found.
12/20/22, 07:52:46, 4, 0, :File not found.
12/20/22, 07:52:50, 4, 0, :File not found.
12/20/22, 17:10:08, 4, 0, :File not found.
12/27/22, 13:17:04, 4, 0, G:\VBDotNetERP_Working\Form\bin\Debug\reports\DrNote_GST.rpt:Error detected by database DLL.
12/27/22, 13:17:15, 4, 0, G:\VBDotNetERP_Working\Form\bin\Debug\reports\CrNote_GST.rpt:Error detected by database DLL.
01/03/23, 13:17:15, 4, 0, G:\VBDotNetERP_Working\Form\bin\Debug\Reports\EmpJoiningKit.rpt:Page Header plus Page Footer is too large for the page.
01/03/23, 13:17:15, 4, 0, G:\VBDotNetERP_Working\Form\bin\Debug\Reports\EmpJoiningKit.rpt:Page Header plus Page Footer is too large for the page.
01/05/23, 17:25:25, 4, 0, :File not found.
01/29/23, 16:51:36, 4, 0, :File not found.
01/29/23, 16:51:36, 4, 0, :File not found.
02/08/23, 14:32:04, 4, 0, D:\VBDotNetERP_Working\Form\bin\Debug\Reports\LeaveSummary.Rpt:Error starting print job. Please check your printer or network connection.
02/13/23, 07:04:22, 4, 0, :File not found.
02/27/23, 08:21:01, 4, 0, :File not found.
02/27/23, 08:21:01, 4, 0, :File not found.
02/27/23, 08:23:02, 4, 0, :File not found.
02/27/23, 08:23:02, 4, 0, :File not found.
02/27/23, 08:24:02, 4, 0, :File not found.
02/27/23, 08:24:02, 4, 0, :File not found.
02/27/23, 22:55:20, 4, 0, :File not found.
02/27/23, 22:55:20, 4, 0, :File not found.
02/27/23, 22:56:38, 4, 0, :File not found.
02/27/23, 22:56:38, 4, 0, :File not found.
03/01/23, 10:42:58, 4, 0, :File not found.
03/08/23, 10:17:19, 4, 0, :File not found.
03/08/23, 10:17:19, 4, 0, :File not found.
03/20/23, 22:31:07, 4, 0, :File not found.
03/20/23, 22:31:07, 4, 0, :File not found.
04/01/23, 16:37:22, 4, 0, D:\VBDotNetERP_Working\Form\bin\Debug\Reports\Rgp_Nrgp_GST.rpt:Invalid report version.
04/01/23, 16:37:22, 4, 0, D:\VBDotNetERP_Working\Form\bin\Debug\Reports\Rgp_Nrgp_GST.rpt:Invalid report version.
04/04/23, 23:15:42, 4, 0, :File not found.
04/04/23, 23:16:11, 4, 0, :File not found.
04/04/23, 23:18:39, 4, 0, :File not found.
04/04/23, 23:29:54, 4, 0, :File not found.
04/04/23, 23:30:27, 4, 0, :File not found.
04/05/23, 08:49:06, 4, 0, :File not found.
04/05/23, 08:51:47, 4, 0, :File not found.
04/05/23, 08:53:25, 4, 0, :File not found.
04/05/23, 09:00:23, 4, 0, :File not found.
04/05/23, 09:12:42, 4, 0, :File not found.
04/05/23, 09:12:42, 4, 0, :File not found.
04/05/23, 09:13:41, 4, 0, :File not found.
04/05/23, 09:13:41, 4, 0, :File not found.
04/05/23, 09:14:11, 4, 0, :File not found.
04/05/23, 09:16:15, 4, 0, :File not found.
04/05/23, 13:29:37, 4, 0, :File not found.
04/05/23, 18:37:12, 4, 0, :File not found.
04/05/23, 18:39:08, 4, 0, :File not found.
04/05/23, 18:39:34, 4, 0, :File not found.
04/05/23, 21:49:24, 4, 0, :File not found.
04/05/23, 22:02:16, 4, 0, :File not found.
04/05/23, 22:02:21, 4, 0, :File not found.
04/05/23, 22:03:15, 4, 0, :File not found.
04/05/23, 22:08:23, 4, 0, :File not found.
04/05/23, 22:08:53, 4, 0, :File not found.
04/05/23, 22:08:53, 4, 0, :File not found.
04/05/23, 22:11:22, 4, 0, :File not found.
04/05/23, 22:11:23, 4, 0, :File not found.
04/05/23, 22:13:36, 4, 0, :File not found.
04/05/23, 22:13:36, 4, 0, :File not found.
04/05/23, 22:18:17, 4, 0, :File not found.
04/05/23, 22:18:49, 4, 0, :File not found.
04/05/23, 22:33:13, 4, 0, :File not found.
04/05/23, 22:33:13, 4, 0, :File not found.
04/05/23, 22:35:38, 4, 0, :File not found.
04/05/23, 22:35:38, 4, 0, :File not found.
04/05/23, 22:42:25, 4, 0, :File not found.
04/05/23, 22:42:25, 4, 0, :File not found.
04/05/23, 22:49:23, 4, 0, :File not found.
04/05/23, 22:49:23, 4, 0, :File not found.
04/05/23, 22:51:08, 4, 0, :File not found.
04/23/23, 12:42:15, 4, 0, D:\VBDotNetERP_Working\Form\bin\Debug\reports\TrnVoucher.rpt:Error detected by database DLL.
04/23/23, 13:46:35, 4, 0, :File not found.
04/23/23, 13:46:35, 4, 0, :File not found.
05/10/23, 16:07:45, 4, 0, D:\VBDotNetERP_Working\Form\bin\Debug\reports\TrnVoucher.rpt:Error detected by database DLL.
05/11/23, 08:06:44, 4, 0, D:\VBDotNetERP_Working\Form\bin\Debug\reports\TrnVoucher.rpt:Error detected by database DLL.
05/16/23, 22:19:58, 4, 0, D:\VBDotNetERP_Working\Form\bin\Debug\reports\PurchaseGST.rpt:Error detected by database DLL.
05/16/23, 22:20:01, 4, 0, D:\VBDotNetERP_Working\Form\bin\Debug\reports\PurchaseGST.rpt:Error detected by database DLL.
05/16/23, 22:20:04, 4, 0, D:\VBDotNetERP_Working\Form\bin\Debug\reports\PurchaseGST.rpt:Error detected by database DLL.
05/16/23, 22:20:05, 4, 0, D:\VBDotNetERP_Working\Form\bin\Debug\reports\PurchaseGST.rpt:Error detected by database DLL.
05/16/23, 22:20:07, 4, 0, D:\VBDotNetERP_Working\Form\bin\Debug\reports\PurchaseGST.rpt:Error detected by database DLL.
05/16/23, 22:20:09, 4, 0, D:\VBDotNetERP_Working\Form\bin\Debug\reports\PurchaseGST.rpt:Error detected by database DLL.
05/16/23, 22:20:11, 4, 0, D:\VBDotNetERP_Working\Form\bin\Debug\reports\PurchaseGST.rpt:Error detected by database DLL.
05/16/23, 22:20:12, 4, 0, D:\VBDotNetERP_Working\Form\bin\Debug\reports\PurchaseGST.rpt:Error detected by database DLL.
05/16/23, 22:26:34, 4, 0, D:\VBDotNetERP_Working\Form\bin\Debug\reports\PurchaseGST.rpt:Error detected by database DLL.
05/30/23, 23:22:09, 4, 0, D:\VBDotNetERP_Working\Form\bin\Debug\reports\CrNote_GST.rpt:Error detected by database DLL.
05/30/23, 23:22:14, 4, 0, D:\VBDotNetERP_Working\Form\bin\Debug\reports\CrNote_GST.rpt:Error detected by database DLL.
05/30/23, 23:29:49, 4, 0, :Too many open files.
06/08/23, 15:34:15, 4, 0, D:\VBDotNetERP_Working\Form\bin\Debug\Reports\Invoice_PI.rpt:Invalid report version.
06/17/23, 06:15:00, 4, 0, :Too many open files.
06/17/23, 06:15:03, 4, 0, :Too many open files.
06/17/23, 06:15:04, 4, 0, :Too many open files.
06/17/23, 06:15:05, 4, 0, :Too many open files.
06/17/23, 06:15:05, 4, 0, :Too many open files.
06/17/23, 06:15:05, 4, 0, :Too many open files.
06/17/23, 06:15:05, 4, 0, :Too many open files.
06/17/23, 06:16:19, 4, 0, :Too many open files.
06/17/23, 06:17:19, 4, 0, :Too many open files.
06/17/23, 06:24:10, 4, 0, :Invalid directory.
06/17/23, 06:24:35, 4, 0, :Invalid directory.
06/17/23, 06:28:09, 4, 0, :Invalid directory.
06/17/23, 06:28:11, 4, 0, :Invalid directory.
06/17/23, 06:28:29, 4, 0, :Invalid directory.
06/17/23, 06:30:07, 4, 0, :Invalid directory.
06/22/23, 08:56:21, 4, 0, D:\VBDotNetERP_Working\Form\bin\Debug\reports\PurchaseGST.rpt:Error detected by database DLL.
06/22/23, 08:57:45, 4, 0, D:\VBDotNetERP_Working\Form\bin\Debug\reports\PurchaseGST.rpt:Error detected by database DLL.
07/28/23, 10:21:36, 4, 0, :Invalid file handle.
07/28/23, 10:21:39, 4, 0, :Invalid file handle.
08/24/23, 18:17:14, 4, 0, D:\VBDotNetERP_Working\Form\bin\Debug\reports\eReceiptAdvise.rpt:Invalid report version.
08/24/23, 18:17:14, 4, 0, D:\VBDotNetERP_Working\Form\bin\Debug\reports\eReceiptAdvise.rpt:Invalid report version.
09/04/23, 09:03:40, 4, 0, :File not found.
09/04/23, 09:03:40, 4, 0, :File not found.
09/04/23, 15:56:08, 4, 0, :File not found.
09/04/23, 15:56:08, 4, 0, :File not found.
09/19/23, 09:36:38, 4, 0, D:\VBDotNetERP_Working\Form\bin\Debug\reports\PurchaseGST.rpt:Error detected by database DLL.
11/14/23, 14:11:30, 4, 0, :File not found.
11/14/23, 14:11:30, 4, 0, :File not found.
12/17/23, 11:42:53, 4, 0, :File not found.
12/17/23, 11:42:53, 4, 0, :File not found.
12/17/23, 11:51:15, 4, 0, D:\VBDotNetERP_Working\Form\bin\Debug\Reports\CreditLimitReport.Rpt:Error detected by database DLL.
12/28/23, 08:19:42, 4, 0, :File not found.
12/28/23, 08:19:42, 4, 0, :File not found.
12/30/23, 08:07:06, 4, 0, D:\VBDotNetERP_Working\Form\bin\Debug\Reports\PakingSticker.rpt:A string can be at most 254 characters long.
12/30/23, 08:08:01, 4, 0, D:\VBDotNetERP_Working\Form\bin\Debug\Reports\PakingSticker.rpt:A string can be at most 254 characters long.
12/31/23, 19:36:13, 4, 0, D:\VBDotNetERP_Working\Form\bin\Debug\Reports\PakingSticker.rpt:Invalid report version.
12/31/23, 19:36:13, 4, 0, D:\VBDotNetERP_Working\Form\bin\Debug\Reports\PakingSticker.rpt:Invalid report version.
01/18/24, 09:26:41, 4, 0, :File not found.
01/18/24, 09:26:41, 4, 0, :File not found.
01/18/24, 09:37:25, 4, 0, D:\VBDotNetERP_Working\Form\bin\Debug\Reports\PaymentPerformance.Rpt:Error detected by database DLL.
01/18/24, 09:38:32, 4, 0, D:\VBDotNetERP_Working\Form\bin\Debug\Reports\PaymentPerformance.Rpt:Error detected by database DLL.
02/03/24, 11:26:41, 4, 0, :File not found.
02/03/24, 11:26:41, 4, 0, :File not found.
02/15/24, 10:16:20, 4, 0, :File not found.
02/15/24, 10:16:20, 4, 0, :File not found.
02/16/24, 22:10:40, 4, 0, D:\VBDotNetERP_Working\Form\bin\Debug\Reports\FGBOMPrint.rpt:Error starting print job. Please check your printer or network connection.
03/12/24, 19:45:17, 4, 0, D:\VBDotNetERP_Working\Form\bin\Debug\reports\TrnVoucher.rpt:Error detected by database DLL.
03/12/24, 19:57:46, 4, 0, D:\VBDotNetERP_Working\Form\bin\Debug\reports\TrnVoucher.rpt:Error detected by database DLL.
03/12/24, 19:57:47, 4, 0, D:\VBDotNetERP_Working\Form\bin\Debug\reports\TrnVoucher.rpt:Error detected by database DLL.
03/12/24, 19:57:48, 4, 0, D:\VBDotNetERP_Working\Form\bin\Debug\reports\TrnVoucher.rpt:Error detected by database DLL.
03/12/24, 19:57:49, 4, 0, D:\VBDotNetERP_Working\Form\bin\Debug\reports\TrnVoucher.rpt:Error detected by database DLL.
03/12/24, 19:57:49, 4, 0, D:\VBDotNetERP_Working\Form\bin\Debug\reports\TrnVoucher.rpt:Error detected by database DLL.
03/12/24, 19:57:50, 4, 0, D:\VBDotNetERP_Working\Form\bin\Debug\reports\TrnVoucher.rpt:Error detected by database DLL.
03/12/24, 19:57:51, 4, 0, D:\VBDotNetERP_Working\Form\bin\Debug\reports\TrnVoucher.rpt:Error detected by database DLL.
03/12/24, 19:57:51, 4, 0, D:\VBDotNetERP_Working\Form\bin\Debug\reports\TrnVoucher.rpt:Error detected by database DLL.
03/12/24, 19:57:52, 4, 0, D:\VBDotNetERP_Working\Form\bin\Debug\reports\TrnVoucher.rpt:Error detected by database DLL.
03/12/24, 20:22:58, 4, 0, D:\VBDotNetERP_Working\Form\bin\Debug\reports\TrnVoucher.rpt:Error detected by database DLL.
03/12/24, 20:23:54, 4, 0, D:\VBDotNetERP_Working\Form\bin\Debug\reports\TrnVoucher.rpt:Error detected by database DLL.
03/12/24, 20:24:29, 4, 0, D:\VBDotNetERP_Working\Form\bin\Debug\reports\TrnVoucher.rpt:Error detected by database DLL.
03/12/24, 20:27:37, 4, 0, D:\VBDotNetERP_Working\Form\bin\Debug\reports\TrnVoucher.rpt:Error detected by database DLL.
03/12/24, 20:39:05, 4, 0, D:\VBDotNetERP_Working\Form\bin\Debug\reports\TrnVoucher.rpt:Error detected by database DLL.
03/21/24, 09:26:03, 4, 0, :File not found.
03/21/24, 09:56:10, 4, 0, :File not found.
03/21/24, 09:56:10, 4, 0, :File not found.
03/21/24, 09:56:15, 4, 0, :File not found.
03/21/24, 09:56:15, 4, 0, :File not found.
03/21/24, 09:57:18, 4, 0, :File not found.
03/21/24, 16:53:36, 4, 0, D:\VBDotNetERP_Working\Form\bin\Debug\Reports\PO_PRN_GST.rpt:Too many arguments have been given to this function.
03/21/24, 16:53:36, 4, 0, D:\VBDotNetERP_Working\Form\bin\Debug\Reports\PO_PRN_GST.rpt:Too many arguments have been given to this function.
03/21/24, 16:53:36, 4, 0, D:\VBDotNetERP_Working\Form\bin\Debug\Reports\PO_PRN_GST.rpt:Too many arguments have been given to this function.
03/21/24, 16:56:12, 4, 0, D:\VBDotNetERP_Working\Form\bin\Debug\Reports\PO_PRN_GST.rpt:Too many arguments have been given to this function.
03/21/24, 16:56:12, 4, 0, D:\VBDotNetERP_Working\Form\bin\Debug\Reports\PO_PRN_GST.rpt:Too many arguments have been given to this function.
03/21/24, 16:56:12, 4, 0, D:\VBDotNetERP_Working\Form\bin\Debug\Reports\PO_PRN_GST.rpt:Too many arguments have been given to this function.
07/31/24, 17:48:44, 4, 0, D:\GNXT_Projects\gNxtSuitERP\gNxtSuitERP\Repo\ERP\Form\bin\Debug\Reports\MRR.rpt:Invalid report version.
07/31/24, 17:48:44, 4, 0, D:\GNXT_Projects\gNxtSuitERP\gNxtSuitERP\Repo\ERP\Form\bin\Debug\Reports\MRR.rpt:Invalid report version.
07/31/24, 17:48:52, 4, 0, D:\GNXT_Projects\gNxtSuitERP\gNxtSuitERP\Repo\ERP\Form\bin\Debug\Reports\MRR.rpt:Invalid report version.
07/31/24, 17:48:52, 4, 0, D:\GNXT_Projects\gNxtSuitERP\gNxtSuitERP\Repo\ERP\Form\bin\Debug\Reports\MRR.rpt:Invalid report version.
09/05/24, 15:43:26, 4, 0, :File not found.
09/05/24, 15:43:26, 4, 0, :File not found.
10/16/24, 11:12:41, 4, 0, D:\GNXT_Projects\gNxtSuitERP\gNxtSuitERP\Repo\ERP\Form\bin\Debug\Reports\POTERMS_PRN_GST.rpt:Error detected by database DLL.
10/16/24, 12:34:53, 4, 0, D:\GNXT_Projects\gNxtSuitERP\gNxtSuitERP\Repo\ERP\Form\bin\Debug\Reports\POTERMS_PRN_GST.rpt:Error detected by database DLL.
10/22/24, 10:53:53, 4, 0, D:\GNXT_Projects\gNxtSuitERP\gNxtSuitERP\Repo\ERP\Form\bin\Debug\Reports\MRR.rpt:Error detected by database DLL.
10/22/24, 10:55:02, 4, 0, D:\GNXT_Projects\gNxtSuitERP\gNxtSuitERP\Repo\ERP\Form\bin\Debug\Reports\MRR.rpt:Error detected by database DLL.
10/22/24, 10:55:10, 4, 0, D:\GNXT_Projects\gNxtSuitERP\gNxtSuitERP\Repo\ERP\Form\bin\Debug\Reports\MRR.rpt:Error detected by database DLL.
10/22/24, 15:42:32, 4, 0, D:\GNXT_Projects\gNxtSuitERP\gNxtSuitERP\Repo\ERP\Form\bin\Debug\Reports\MRR.rpt:Error detected by database DLL.
10/22/24, 15:55:20, 4, 0, D:\GNXT_Projects\gNxtSuitERP\gNxtSuitERP\Repo\ERP\Form\bin\Debug\Reports\MRR.rpt:Error detected by database DLL.
10/22/24, 15:55:55, 4, 0, D:\GNXT_Projects\gNxtSuitERP\gNxtSuitERP\Repo\ERP\Form\bin\Debug\Reports\MRR.rpt:Error detected by database DLL.
10/22/24, 15:58:22, 4, 0, D:\GNXT_Projects\gNxtSuitERP\gNxtSuitERP\Repo\ERP\Form\bin\Debug\Reports\C4Outward.RPT:User cancelled.
10/22/24, 15:58:23, 4, 0, D:\GNXT_Projects\gNxtSuitERP\gNxtSuitERP\Repo\ERP\Form\bin\Debug\Reports\C4Outward.RPT:User cancelled.
11/19/24, 12:28:51, 4, 0, D:\GNXT_Projects\gNxtSuitERP\gNxtSuitERP\Repo\ERP\Form\bin\Debug\Reports\PendPOReg.RPT:Invalid report version.
11/19/24, 12:28:53, 4, 0, D:\GNXT_Projects\gNxtSuitERP\gNxtSuitERP\Repo\ERP\Form\bin\Debug\Reports\PendPOReg.RPT:Invalid report version.
11/19/24, 12:32:08, 4, 0, D:\GNXT_Projects\gNxtSuitERP\gNxtSuitERP\Repo\ERP\Form\bin\Debug\Reports\PendPOReg.RPT:Invalid report version.
11/19/24, 12:32:09, 4, 0, D:\GNXT_Projects\gNxtSuitERP\gNxtSuitERP\Repo\ERP\Form\bin\Debug\Reports\PendPOReg.RPT:Invalid report version.
11/19/24, 12:38:08, 4, 0, D:\GNXT_Projects\gNxtSuitERP\gNxtSuitERP\Repo\ERP\Form\bin\Debug\Reports\PendPOReg.RPT:Invalid report version.
11/19/24, 12:38:08, 4, 0, D:\GNXT_Projects\gNxtSuitERP\gNxtSuitERP\Repo\ERP\Form\bin\Debug\Reports\PendPOReg.RPT:Invalid report version.
11/19/24, 12:45:56, 4, 0, D:\GNXT_Projects\gNxtSuitERP\gNxtSuitERP\Repo\ERP\Form\bin\Debug\Reports\PendPOReg.RPT:Invalid report version.
11/19/24, 12:45:56, 4, 0, D:\GNXT_Projects\gNxtSuitERP\gNxtSuitERP\Repo\ERP\Form\bin\Debug\Reports\PendPOReg.RPT:Invalid report version.
11/19/24, 12:46:15, 4, 0, D:\GNXT_Projects\gNxtSuitERP\gNxtSuitERP\Repo\ERP\Form\bin\Debug\Reports\PendPOReg.RPT:Invalid report version.
11/19/24, 12:46:15, 4, 0, D:\GNXT_Projects\gNxtSuitERP\gNxtSuitERP\Repo\ERP\Form\bin\Debug\Reports\PendPOReg.RPT:Invalid report version.
11/19/24, 16:09:57, 4, 0, D:\GNXT_Projects\gNxtSuitERP\gNxtSuitERP\Repo\ERP\Form\bin\Debug\Reports\PendPOReg.RPT:Error detected by database DLL.
11/19/24, 16:10:01, 4, 0, D:\GNXT_Projects\gNxtSuitERP\gNxtSuitERP\Repo\ERP\Form\bin\Debug\Reports\PendPOReg.RPT:Error detected by database DLL.
11/19/24, 16:15:32, 4, 0, D:\GNXT_Projects\gNxtSuitERP\gNxtSuitERP\Repo\ERP\Form\bin\Debug\Reports\PendPOReg.RPT:Error detected by database DLL.
