

***********************************************************************
Fatal NI connect error 12560, connecting to:
 (DESCRIPTION=(ADDRESS=(PROTOCOL=BEQ)(PROGRAM=oracle)(ARGV0=oracleORCL)(ARGS='(DESCRIPTION=(LOCAL=YES)(ADDRESS=(PROTOCOL=beq)))'))(CONNECT_DATA=(SID=ORCL)(CID=(PROGRAM=C:\PROGRA~1\SEAGAT~1\CRYSTA~1\crw32.exe)(HOST=SANDEEPK)(USER=sandeepk))))

  VERSION INFORMATION:
	TNS for 32-bit Windows: Version 9.0.1.1.0 - Production
	Oracle Bequeath NT Protocol Adapter for 32-bit Windows: Version 9.0.1.1.0 - Production
  Time: 05-AUG-2010 18:05:52
  Tracing not turned on.
  Tns error struct:
    nr err code: 0
    ns main err code: 12560
    TNS-12560: TNS:protocol adapter error
    ns secondary err code: 0
    nt main err code: 530
    TNS-00530: Protocol adapter error
    nt secondary err code: 2
    nt OS err code: 0


***********************************************************************
Fatal NI connect error 12560, connecting to:
 (DESCRIPTION=(ADDRESS=(PROTOCOL=BEQ)(PROGRAM=oracle)(ARGV0=oracleORCL)(ARGS='(DESCRIPTION=(LOCAL=YES)(ADDRESS=(PROTOCOL=beq)))'))(CONNECT_DATA=(SID=ORCL)(CID=(PROGRAM=C:\PROGRA~1\SEAGAT~1\CRYSTA~1\crw32.exe)(HOST=SANDEEPK)(USER=sandeepk))))

  VERSION INFORMATION:
	TNS for 32-bit Windows: Version 9.0.1.1.0 - Production
	Oracle Bequeath NT Protocol Adapter for 32-bit Windows: Version 9.0.1.1.0 - Production
	Windows NT TCP/IP NT Protocol Adapter for 32-bit Windows: Version 9.0.1.1.0 - Production
  Time: 10-AUG-2010 16:41:33
  Tracing not turned on.
  Tns error struct:
    nr err code: 0
    ns main err code: 12560
    TNS-12560: TNS:protocol adapter error
    ns secondary err code: 0
    nt main err code: 530
    TNS-00530: Protocol adapter error
    nt secondary err code: 2
    nt OS err code: 0


***********************************************************************
Fatal NI connect error 12560, connecting to:
 (DESCRIPTION=(ADDRESS=(PROTOCOL=BEQ)(PROGRAM=oracle)(ARGV0=oracleORCL)(ARGS='(DESCRIPTION=(LOCAL=YES)(ADDRESS=(PROTOCOL=beq)))'))(CONNECT_DATA=(SID=ORCL)(CID=(PROGRAM=C:\PROGRA~1\SEAGAT~1\CRYSTA~1\crw32.exe)(HOST=SANDEEPK)(USER=sandeepk))))

  VERSION INFORMATION:
	TNS for 32-bit Windows: Version 9.0.1.1.0 - Production
	Oracle Bequeath NT Protocol Adapter for 32-bit Windows: Version 9.0.1.1.0 - Production
	Windows NT TCP/IP NT Protocol Adapter for 32-bit Windows: Version 9.0.1.1.0 - Production
  Time: 10-AUG-2010 16:41:43
  Tracing not turned on.
  Tns error struct:
    nr err code: 0
    ns main err code: 12560
    TNS-12560: TNS:protocol adapter error
    ns secondary err code: 0
    nt main err code: 530
    TNS-00530: Protocol adapter error
    nt secondary err code: 2
    nt OS err code: 0


***********************************************************************
Fatal NI connect error 12560, connecting to:
 (DESCRIPTION=(ADDRESS=(PROTOCOL=BEQ)(PROGRAM=oracle)(ARGV0=oracleORCL)(ARGS='(DESCRIPTION=(LOCAL=YES)(ADDRESS=(PROTOCOL=beq)))'))(CONNECT_DATA=(SID=ORCL)(CID=(PROGRAM=C:\PROGRA~1\SEAGAT~1\CRYSTA~1\crw32.exe)(HOST=SANDEEPK)(USER=sandeepk))))

  VERSION INFORMATION:
	TNS for 32-bit Windows: Version 9.0.1.1.0 - Production
	Oracle Bequeath NT Protocol Adapter for 32-bit Windows: Version 9.0.1.1.0 - Production
	Windows NT TCP/IP NT Protocol Adapter for 32-bit Windows: Version 9.0.1.1.0 - Production
  Time: 10-AUG-2010 16:41:43
  Tracing not turned on.
  Tns error struct:
    nr err code: 0
    ns main err code: 12560
    TNS-12560: TNS:protocol adapter error
    ns secondary err code: 0
    nt main err code: 530
    TNS-00530: Protocol adapter error
    nt secondary err code: 2
    nt OS err code: 0


***********************************************************************
Fatal NI connect error 12560, connecting to:
 (DESCRIPTION=(ADDRESS=(PROTOCOL=TCP)(HOST=192.168.0.107)(PORT=1521))(CONNECT_DATA=(SERVICE_NAME=SERVER)(CID=(PROGRAM=C:\Program Files\Crystal Decisions\Crystal Reports 9\crw32.exe)(HOST=SANDEEPK)(USER=sandeepk))))

  VERSION INFORMATION:
	TNS for 32-bit Windows: Version 10.2.0.1.0 - Production
	Windows NT TCP/IP NT Protocol Adapter for 32-bit Windows: Version 10.2.0.1.0 - Production
  Time: 25-AUG-2016 10:15:48
  Tracing not turned on.
  Tns error struct:
    ns main err code: 12560
    TNS-12560: TNS:protocol adapter error
    ns secondary err code: 0
    nt main err code: 538
    TNS-00538: Message 538 not found;  product=NETWORK; facility=TNS

    nt secondary err code: 65
    nt OS err code: 0


***********************************************************************
Fatal NI connect error 12560, connecting to:
 (DESCRIPTION=(ADDRESS=(PROTOCOL=TCP)(HOST=192.168.0.107)(PORT=1521))(CONNECT_DATA=(SERVICE_NAME=SERVER)(CID=(PROGRAM=C:\Program Files\Crystal Decisions\Crystal Reports 9\crw32.exe)(HOST=SANDEEPK)(USER=sandeepk))))

  VERSION INFORMATION:
	TNS for 32-bit Windows: Version 10.2.0.1.0 - Production
	Windows NT TCP/IP NT Protocol Adapter for 32-bit Windows: Version 10.2.0.1.0 - Production
  Time: 25-AUG-2016 10:15:49
  Tracing not turned on.
  Tns error struct:
    ns main err code: 12560
    TNS-12560: TNS:protocol adapter error
    ns secondary err code: 0
    nt main err code: 538
    TNS-00538: Message 538 not found;  product=NETWORK; facility=TNS

    nt secondary err code: 65
    nt OS err code: 0


***********************************************************************
Fatal NI connect error 12560, connecting to:
 (DESCRIPTION=(ADDRESS=(PROTOCOL=TCP)(HOST=192.168.0.107)(PORT=1521))(CONNECT_DATA=(SERVICE_NAME=SERVER)(CID=(PROGRAM=C:\Program Files\Crystal Decisions\Crystal Reports 9\crw32.exe)(HOST=SANDEEPK)(USER=sandeepk))))

  VERSION INFORMATION:
	TNS for 32-bit Windows: Version 10.2.0.1.0 - Production
	Windows NT TCP/IP NT Protocol Adapter for 32-bit Windows: Version 10.2.0.1.0 - Production
  Time: 25-AUG-2016 10:16:02
  Tracing not turned on.
  Tns error struct:
    ns main err code: 12560
    TNS-12560: TNS:protocol adapter error
    ns secondary err code: 0
    nt main err code: 538
    TNS-00538: Message 538 not found;  product=NETWORK; facility=TNS

    nt secondary err code: 65
    nt OS err code: 0


***********************************************************************
Fatal NI connect error 12560, connecting to:
 (DESCRIPTION=(ADDRESS=(PROTOCOL=TCP)(HOST=192.168.0.107)(PORT=1521))(CONNECT_DATA=(SERVICE_NAME=SERVER)(CID=(PROGRAM=C:\Program Files\Crystal Decisions\Crystal Reports 9\crw32.exe)(HOST=SANDEEPK)(USER=sandeepk))))

  VERSION INFORMATION:
	TNS for 32-bit Windows: Version 10.2.0.1.0 - Production
	Windows NT TCP/IP NT Protocol Adapter for 32-bit Windows: Version 10.2.0.1.0 - Production
  Time: 25-AUG-2016 10:16:03
  Tracing not turned on.
  Tns error struct:
    ns main err code: 12560
    TNS-12560: TNS:protocol adapter error
    ns secondary err code: 0
    nt main err code: 538
    TNS-00538: Message 538 not found;  product=NETWORK; facility=TNS

    nt secondary err code: 65
    nt OS err code: 0


***********************************************************************
Fatal NI connect error 12560, connecting to:
 (DESCRIPTION=(ADDRESS=(PROTOCOL=TCP)(HOST=192.168.0.107)(PORT=1521))(CONNECT_DATA=(SERVICE_NAME=SERVER)(CID=(PROGRAM=C:\Program Files\Seagate Software\Crystal Reports\crw32.exe)(HOST=SANDEEPK)(USER=sandeepk))))

  VERSION INFORMATION:
	TNS for 32-bit Windows: Version 10.2.0.1.0 - Production
	Windows NT TCP/IP NT Protocol Adapter for 32-bit Windows: Version 10.2.0.1.0 - Production
  Time: 10-JAN-2017 13:54:46
  Tracing not turned on.
  Tns error struct:
    ns main err code: 12560
    TNS-12560: TNS:protocol adapter error
    ns secondary err code: 0
    nt main err code: 538
    TNS-00538: Message 538 not found;  product=NETWORK; facility=TNS

    nt secondary err code: 65
    nt OS err code: 0


***********************************************************************
Fatal NI connect error 6413, connecting to:
 (DESCRIPTION=(ADDRESS_LIST=(ADDRESS=(PROTOCOL=TCP)(HOST=192.168.0.100)(PORT=1521)))(CONNECT_DATA=(SERVICE_NAME=server)(CID=(PROGRAM=C:\Program Files (x86)\Seagate Software\Crystal Reports\crw32.exe)(HOST=SKANDWAL)(USER=sandeepk))))

  VERSION INFORMATION:
	TNS for 32-bit Windows: Version 10.2.0.1.0 - Production
  Time: 22-SEP-2017 16:22:21
  Tracing not turned on.


***********************************************************************
Fatal NI connect error 6413, connecting to:
 (DESCRIPTION=(ADDRESS_LIST=(ADDRESS=(PROTOCOL=BEQ)(PROGRAM=oracle)(ARGV0=oracleblack)(ARGS='(DESCRIPTION=(LOCAL=YES)(ADDRESS=(PROTOCOL=beq)))')))(CONNECT_DATA=(SID=black)(CID=(PROGRAM=C:\Program Files (x86)\Seagate Software\Crystal Reports\crw32.exe)(HOST=SKANDWAL)(USER=sandeepk))))

  VERSION INFORMATION:
	TNS for 32-bit Windows: Version 10.2.0.1.0 - Production
  Time: 22-SEP-2017 16:22:21
  Tracing not turned on.


***********************************************************************
Fatal NI connect error 6413, connecting to:
 (DESCRIPTION=(ADDRESS_LIST=(ADDRESS=(PROTOCOL=TCP)(HOST=192.168.0.100)(PORT=1521)))(CONNECT_DATA=(SERVICE_NAME=server)(CID=(PROGRAM=C:\Program Files (x86)\Seagate Software\Crystal Reports\crw32.exe)(HOST=SKANDWAL)(USER=sandeepk))))

  VERSION INFORMATION:
	TNS for 32-bit Windows: Version 10.2.0.1.0 - Production
  Time: 22-SEP-2017 16:23:04
  Tracing not turned on.


***********************************************************************
Fatal NI connect error 6413, connecting to:
 (DESCRIPTION=(ADDRESS_LIST=(ADDRESS=(PROTOCOL=BEQ)(PROGRAM=oracle)(ARGV0=oracleblack)(ARGS='(DESCRIPTION=(LOCAL=YES)(ADDRESS=(PROTOCOL=beq)))')))(CONNECT_DATA=(SID=black)(CID=(PROGRAM=C:\Program Files (x86)\Seagate Software\Crystal Reports\crw32.exe)(HOST=SKANDWAL)(USER=sandeepk))))

  VERSION INFORMATION:
	TNS for 32-bit Windows: Version 10.2.0.1.0 - Production
  Time: 22-SEP-2017 16:23:04
  Tracing not turned on.


***********************************************************************
Fatal NI connect error 6413, connecting to:
 (DESCRIPTION=(ADDRESS_LIST=(ADDRESS=(PROTOCOL=TCP)(HOST=192.168.0.100)(PORT=1521)))(CONNECT_DATA=(SERVICE_NAME=server)(CID=(PROGRAM=C:\Program Files (x86)\Seagate Software\Crystal Reports\crw32.exe)(HOST=SKANDWAL)(USER=sandeepk))))

  VERSION INFORMATION:
	TNS for 32-bit Windows: Version 10.2.0.1.0 - Production
  Time: 22-SEP-2017 16:23:11
  Tracing not turned on.


***********************************************************************
Fatal NI connect error 6413, connecting to:
 (DESCRIPTION=(ADDRESS_LIST=(ADDRESS=(PROTOCOL=BEQ)(PROGRAM=oracle)(ARGV0=oracleblack)(ARGS='(DESCRIPTION=(LOCAL=YES)(ADDRESS=(PROTOCOL=beq)))')))(CONNECT_DATA=(SID=black)(CID=(PROGRAM=C:\Program Files (x86)\Seagate Software\Crystal Reports\crw32.exe)(HOST=SKANDWAL)(USER=sandeepk))))

  VERSION INFORMATION:
	TNS for 32-bit Windows: Version 10.2.0.1.0 - Production
  Time: 22-SEP-2017 16:23:11
  Tracing not turned on.


***********************************************************************
Fatal NI connect error 6413, connecting to:
 (DESCRIPTION=(ADDRESS_LIST=(ADDRESS=(PROTOCOL=TCP)(HOST=192.168.0.100)(PORT=1521)))(CONNECT_DATA=(SERVICE_NAME=server)(CID=(PROGRAM=C:\Program Files (x86)\Seagate Software\Crystal Reports\crw32.exe)(HOST=SKANDWAL)(USER=sandeepk))))

  VERSION INFORMATION:
	TNS for 32-bit Windows: Version 10.2.0.1.0 - Production
  Time: 22-SEP-2017 16:23:14
  Tracing not turned on.


***********************************************************************
Fatal NI connect error 6413, connecting to:
 (DESCRIPTION=(ADDRESS_LIST=(ADDRESS=(PROTOCOL=BEQ)(PROGRAM=oracle)(ARGV0=oracleblack)(ARGS='(DESCRIPTION=(LOCAL=YES)(ADDRESS=(PROTOCOL=beq)))')))(CONNECT_DATA=(SID=black)(CID=(PROGRAM=C:\Program Files (x86)\Seagate Software\Crystal Reports\crw32.exe)(HOST=SKANDWAL)(USER=sandeepk))))

  VERSION INFORMATION:
	TNS for 32-bit Windows: Version 10.2.0.1.0 - Production
  Time: 22-SEP-2017 16:23:14
  Tracing not turned on.


***********************************************************************
Fatal NI connect error 6413, connecting to:
 (DESCRIPTION=(ADDRESS_LIST=(ADDRESS=(PROTOCOL=TCP)(HOST=192.168.0.100)(PORT=1521)))(CONNECT_DATA=(SERVICE_NAME=server)(CID=(PROGRAM=C:\Program Files (x86)\Seagate Software\Crystal Reports\crw32.exe)(HOST=SKANDWAL)(USER=sandeepk))))

  VERSION INFORMATION:
	TNS for 32-bit Windows: Version 10.2.0.1.0 - Production
  Time: 22-SEP-2017 16:23:28
  Tracing not turned on.


***********************************************************************
Fatal NI connect error 6413, connecting to:
 (DESCRIPTION=(ADDRESS_LIST=(ADDRESS=(PROTOCOL=BEQ)(PROGRAM=oracle)(ARGV0=oracleblack)(ARGS='(DESCRIPTION=(LOCAL=YES)(ADDRESS=(PROTOCOL=beq)))')))(CONNECT_DATA=(SID=black)(CID=(PROGRAM=C:\Program Files (x86)\Seagate Software\Crystal Reports\crw32.exe)(HOST=SKANDWAL)(USER=sandeepk))))

  VERSION INFORMATION:
	TNS for 32-bit Windows: Version 10.2.0.1.0 - Production
  Time: 22-SEP-2017 16:23:28
  Tracing not turned on.


***********************************************************************
Fatal NI connect error 6413, connecting to:
 (DESCRIPTION=(ADDRESS_LIST=(ADDRESS=(PROTOCOL=TCP)(HOST=192.168.0.100)(PORT=1521)))(CONNECT_DATA=(SERVICE_NAME=server)(CID=(PROGRAM=C:\Program Files (x86)\Seagate Software\Crystal Reports\crw32.exe)(HOST=SKANDWAL)(USER=sandeepk))))

  VERSION INFORMATION:
	TNS for 32-bit Windows: Version 10.2.0.1.0 - Production
  Time: 22-SEP-2017 16:23:34
  Tracing not turned on.


***********************************************************************
Fatal NI connect error 6413, connecting to:
 (DESCRIPTION=(ADDRESS_LIST=(ADDRESS=(PROTOCOL=BEQ)(PROGRAM=oracle)(ARGV0=oracleblack)(ARGS='(DESCRIPTION=(LOCAL=YES)(ADDRESS=(PROTOCOL=beq)))')))(CONNECT_DATA=(SID=black)(CID=(PROGRAM=C:\Program Files (x86)\Seagate Software\Crystal Reports\crw32.exe)(HOST=SKANDWAL)(USER=sandeepk))))

  VERSION INFORMATION:
	TNS for 32-bit Windows: Version 10.2.0.1.0 - Production
  Time: 22-SEP-2017 16:23:34
  Tracing not turned on.


***********************************************************************
Fatal NI connect error 6413, connecting to:
 (DESCRIPTION=(ADDRESS_LIST=(ADDRESS=(PROTOCOL=TCP)(HOST=192.168.0.100)(PORT=1521)))(CONNECT_DATA=(SERVICE_NAME=server)(CID=(PROGRAM=C:\Program Files (x86)\Seagate Software\Crystal Reports\crw32.exe)(HOST=SKANDWAL)(USER=sandeepk))))

  VERSION INFORMATION:
	TNS for 32-bit Windows: Version 10.2.0.1.0 - Production
  Time: 22-SEP-2017 16:23:56
  Tracing not turned on.


***********************************************************************
Fatal NI connect error 6413, connecting to:
 (DESCRIPTION=(ADDRESS_LIST=(ADDRESS=(PROTOCOL=BEQ)(PROGRAM=oracle)(ARGV0=oracleblack)(ARGS='(DESCRIPTION=(LOCAL=YES)(ADDRESS=(PROTOCOL=beq)))')))(CONNECT_DATA=(SID=black)(CID=(PROGRAM=C:\Program Files (x86)\Seagate Software\Crystal Reports\crw32.exe)(HOST=SKANDWAL)(USER=sandeepk))))

  VERSION INFORMATION:
	TNS for 32-bit Windows: Version 10.2.0.1.0 - Production
  Time: 22-SEP-2017 16:23:56
  Tracing not turned on.


***********************************************************************
Fatal NI connect error 6413, connecting to:
 (DESCRIPTION=(ADDRESS_LIST=(ADDRESS=(PROTOCOL=TCP)(HOST=192.168.0.100)(PORT=1521)))(CONNECT_DATA=(SERVICE_NAME=server)(CID=(PROGRAM=C:\Program Files (x86)\Seagate Software\Crystal Reports\crw32.exe)(HOST=SKANDWAL)(USER=sandeepk))))

  VERSION INFORMATION:
	TNS for 32-bit Windows: Version 10.2.0.1.0 - Production
  Time: 22-SEP-2017 16:24:45
  Tracing not turned on.


***********************************************************************
Fatal NI connect error 6413, connecting to:
 (DESCRIPTION=(ADDRESS_LIST=(ADDRESS=(PROTOCOL=BEQ)(PROGRAM=oracle)(ARGV0=oracleblack)(ARGS='(DESCRIPTION=(LOCAL=YES)(ADDRESS=(PROTOCOL=beq)))')))(CONNECT_DATA=(SID=black)(CID=(PROGRAM=C:\Program Files (x86)\Seagate Software\Crystal Reports\crw32.exe)(HOST=SKANDWAL)(USER=sandeepk))))

  VERSION INFORMATION:
	TNS for 32-bit Windows: Version 10.2.0.1.0 - Production
  Time: 22-SEP-2017 16:24:45
  Tracing not turned on.


***********************************************************************
Fatal NI connect error 6413, connecting to:
 (DESCRIPTION=(ADDRESS_LIST=(ADDRESS=(PROTOCOL=TCP)(HOST=192.168.0.100)(PORT=1521)))(CONNECT_DATA=(SERVICE_NAME=server)(CID=(PROGRAM=C:\Program Files (x86)\Seagate Software\Crystal Reports\crw32.exe)(HOST=SKANDWAL)(USER=sandeepk))))

  VERSION INFORMATION:
	TNS for 32-bit Windows: Version 10.2.0.1.0 - Production
  Time: 22-SEP-2017 16:25:06
  Tracing not turned on.


***********************************************************************
Fatal NI connect error 6413, connecting to:
 (DESCRIPTION=(ADDRESS_LIST=(ADDRESS=(PROTOCOL=BEQ)(PROGRAM=oracle)(ARGV0=oracleblack)(ARGS='(DESCRIPTION=(LOCAL=YES)(ADDRESS=(PROTOCOL=beq)))')))(CONNECT_DATA=(SID=black)(CID=(PROGRAM=C:\Program Files (x86)\Seagate Software\Crystal Reports\crw32.exe)(HOST=SKANDWAL)(USER=sandeepk))))

  VERSION INFORMATION:
	TNS for 32-bit Windows: Version 10.2.0.1.0 - Production
  Time: 22-SEP-2017 16:25:06
  Tracing not turned on.


***********************************************************************
Fatal NI connect error 6413, connecting to:
 (DESCRIPTION=(ADDRESS_LIST=(ADDRESS=(PROTOCOL=TCP)(HOST=192.168.0.100)(PORT=1521)))(CONNECT_DATA=(SERVICE_NAME=server)(CID=(PROGRAM=C:\Program Files (x86)\Seagate Software\Crystal Reports\crw32.exe)(HOST=SKANDWAL)(USER=sandeepk))))

  VERSION INFORMATION:
	TNS for 32-bit Windows: Version 10.2.0.1.0 - Production
  Time: 22-SEP-2017 16:25:12
  Tracing not turned on.


***********************************************************************
Fatal NI connect error 6413, connecting to:
 (DESCRIPTION=(ADDRESS_LIST=(ADDRESS=(PROTOCOL=BEQ)(PROGRAM=oracle)(ARGV0=oracleblack)(ARGS='(DESCRIPTION=(LOCAL=YES)(ADDRESS=(PROTOCOL=beq)))')))(CONNECT_DATA=(SID=black)(CID=(PROGRAM=C:\Program Files (x86)\Seagate Software\Crystal Reports\crw32.exe)(HOST=SKANDWAL)(USER=sandeepk))))

  VERSION INFORMATION:
	TNS for 32-bit Windows: Version 10.2.0.1.0 - Production
  Time: 22-SEP-2017 16:25:12
  Tracing not turned on.


***********************************************************************
Fatal NI connect error 6413, connecting to:
 (DESCRIPTION=(ADDRESS_LIST=(ADDRESS=(PROTOCOL=TCP)(HOST=192.168.0.100)(PORT=1521)))(CONNECT_DATA=(SERVICE_NAME=server)(CID=(PROGRAM=C:\Program Files (x86)\Seagate Software\Crystal Reports\crw32.exe)(HOST=SKANDWAL)(USER=sandeepk))))

  VERSION INFORMATION:
	TNS for 32-bit Windows: Version 10.2.0.1.0 - Production
  Time: 22-SEP-2017 16:26:18
  Tracing not turned on.


***********************************************************************
Fatal NI connect error 6413, connecting to:
 (DESCRIPTION=(ADDRESS_LIST=(ADDRESS=(PROTOCOL=BEQ)(PROGRAM=oracle)(ARGV0=oracleblack)(ARGS='(DESCRIPTION=(LOCAL=YES)(ADDRESS=(PROTOCOL=beq)))')))(CONNECT_DATA=(SID=black)(CID=(PROGRAM=C:\Program Files (x86)\Seagate Software\Crystal Reports\crw32.exe)(HOST=SKANDWAL)(USER=sandeepk))))

  VERSION INFORMATION:
	TNS for 32-bit Windows: Version 10.2.0.1.0 - Production
  Time: 22-SEP-2017 16:26:18
  Tracing not turned on.


***********************************************************************
Fatal NI connect error 6413, connecting to:
 (DESCRIPTION=(ADDRESS_LIST=(ADDRESS=(PROTOCOL=TCP)(HOST=192.168.0.100)(PORT=1521)))(CONNECT_DATA=(SERVICE_NAME=server)(CID=(PROGRAM=C:\Program Files (x86)\Seagate Software\Crystal Reports\crw32.exe)(HOST=SKANDWAL)(USER=sandeepk))))

  VERSION INFORMATION:
	TNS for 32-bit Windows: Version 10.2.0.1.0 - Production
  Time: 22-SEP-2017 16:26:36
  Tracing not turned on.


***********************************************************************
Fatal NI connect error 6413, connecting to:
 (DESCRIPTION=(ADDRESS_LIST=(ADDRESS=(PROTOCOL=BEQ)(PROGRAM=oracle)(ARGV0=oracleblack)(ARGS='(DESCRIPTION=(LOCAL=YES)(ADDRESS=(PROTOCOL=beq)))')))(CONNECT_DATA=(SID=black)(CID=(PROGRAM=C:\Program Files (x86)\Seagate Software\Crystal Reports\crw32.exe)(HOST=SKANDWAL)(USER=sandeepk))))

  VERSION INFORMATION:
	TNS for 32-bit Windows: Version 10.2.0.1.0 - Production
  Time: 22-SEP-2017 16:26:36
  Tracing not turned on.


***********************************************************************
Fatal NI connect error 6413, connecting to:
 (DESCRIPTION=(ADDRESS_LIST=(ADDRESS=(PROTOCOL=TCP)(HOST=192.168.0.100)(PORT=1521)))(CONNECT_DATA=(SERVICE_NAME=server)(CID=(PROGRAM=C:\Program Files (x86)\Seagate Software\Crystal Reports\crw32.exe)(HOST=SKANDWAL)(USER=sandeepk))))

  VERSION INFORMATION:
	TNS for 32-bit Windows: Version 10.2.0.1.0 - Production
  Time: 12-OCT-2017 16:48:26
  Tracing not turned on.


***********************************************************************
Fatal NI connect error 6413, connecting to:
 (DESCRIPTION=(ADDRESS_LIST=(ADDRESS=(PROTOCOL=BEQ)(PROGRAM=oracle)(ARGV0=oracleblack)(ARGS='(DESCRIPTION=(LOCAL=YES)(ADDRESS=(PROTOCOL=beq)))')))(CONNECT_DATA=(SID=black)(CID=(PROGRAM=C:\Program Files (x86)\Seagate Software\Crystal Reports\crw32.exe)(HOST=SKANDWAL)(USER=sandeepk))))

  VERSION INFORMATION:
	TNS for 32-bit Windows: Version 10.2.0.1.0 - Production
  Time: 12-OCT-2017 16:48:26
  Tracing not turned on.


***********************************************************************
Fatal NI connect error 6413, connecting to:
 (DESCRIPTION=(ADDRESS_LIST=(ADDRESS=(PROTOCOL=TCP)(HOST=192.168.0.100)(PORT=1521)))(CONNECT_DATA=(SERVICE_NAME=server)(CID=(PROGRAM=C:\Program Files (x86)\Seagate Software\Crystal Reports\crw32.exe)(HOST=SKANDWAL)(USER=sandeepk))))

  VERSION INFORMATION:
	TNS for 32-bit Windows: Version 10.2.0.1.0 - Production
  Time: 12-OCT-2017 16:48:30
  Tracing not turned on.


***********************************************************************
Fatal NI connect error 6413, connecting to:
 (DESCRIPTION=(ADDRESS_LIST=(ADDRESS=(PROTOCOL=BEQ)(PROGRAM=oracle)(ARGV0=oracleblack)(ARGS='(DESCRIPTION=(LOCAL=YES)(ADDRESS=(PROTOCOL=beq)))')))(CONNECT_DATA=(SID=black)(CID=(PROGRAM=C:\Program Files (x86)\Seagate Software\Crystal Reports\crw32.exe)(HOST=SKANDWAL)(USER=sandeepk))))

  VERSION INFORMATION:
	TNS for 32-bit Windows: Version 10.2.0.1.0 - Production
  Time: 12-OCT-2017 16:48:30
  Tracing not turned on.


***********************************************************************
Fatal NI connect error 6413, connecting to:
 (DESCRIPTION=(ADDRESS_LIST=(ADDRESS=(PROTOCOL=TCP)(HOST=192.168.0.100)(PORT=1521)))(CONNECT_DATA=(SERVICE_NAME=server)(CID=(PROGRAM=C:\Program Files (x86)\Seagate Software\Crystal Reports\crw32.exe)(HOST=SKANDWAL)(USER=sandeepk))))

  VERSION INFORMATION:
	TNS for 32-bit Windows: Version 10.2.0.1.0 - Production
  Time: 12-OCT-2017 17:20:06
  Tracing not turned on.


***********************************************************************
Fatal NI connect error 6413, connecting to:
 (DESCRIPTION=(ADDRESS_LIST=(ADDRESS=(PROTOCOL=BEQ)(PROGRAM=oracle)(ARGV0=oracleblack)(ARGS='(DESCRIPTION=(LOCAL=YES)(ADDRESS=(PROTOCOL=beq)))')))(CONNECT_DATA=(SID=black)(CID=(PROGRAM=C:\Program Files (x86)\Seagate Software\Crystal Reports\crw32.exe)(HOST=SKANDWAL)(USER=sandeepk))))

  VERSION INFORMATION:
	TNS for 32-bit Windows: Version 10.2.0.1.0 - Production
  Time: 12-OCT-2017 17:20:06
  Tracing not turned on.


***********************************************************************
Fatal NI connect error 6413, connecting to:
 (DESCRIPTION=(ADDRESS_LIST=(ADDRESS=(PROTOCOL=TCP)(HOST=192.168.0.100)(PORT=1521)))(CONNECT_DATA=(SERVICE_NAME=server)(CID=(PROGRAM=C:\Program Files (x86)\Seagate Software\Crystal Reports\crw32.exe)(HOST=SKANDWAL)(USER=sandeepk))))

  VERSION INFORMATION:
	TNS for 32-bit Windows: Version 10.2.0.1.0 - Production
  Time: 12-OCT-2017 17:20:22
  Tracing not turned on.


***********************************************************************
Fatal NI connect error 6413, connecting to:
 (DESCRIPTION=(ADDRESS_LIST=(ADDRESS=(PROTOCOL=BEQ)(PROGRAM=oracle)(ARGV0=oracleblack)(ARGS='(DESCRIPTION=(LOCAL=YES)(ADDRESS=(PROTOCOL=beq)))')))(CONNECT_DATA=(SID=black)(CID=(PROGRAM=C:\Program Files (x86)\Seagate Software\Crystal Reports\crw32.exe)(HOST=SKANDWAL)(USER=sandeepk))))

  VERSION INFORMATION:
	TNS for 32-bit Windows: Version 10.2.0.1.0 - Production
  Time: 12-OCT-2017 17:20:22
  Tracing not turned on.


***********************************************************************
Fatal NI connect error 6413, connecting to:
 (DESCRIPTION=(ADDRESS_LIST=(ADDRESS=(PROTOCOL=TCP)(HOST=192.168.0.100)(PORT=1521)))(CONNECT_DATA=(SERVICE_NAME=server)(CID=(PROGRAM=C:\Program Files (x86)\Seagate Software\Crystal Reports\crw32.exe)(HOST=SKANDWAL)(USER=sandeepk))))

  VERSION INFORMATION:
	TNS for 32-bit Windows: Version 10.2.0.1.0 - Production
  Time: 12-OCT-2017 17:20:27
  Tracing not turned on.


***********************************************************************
Fatal NI connect error 6413, connecting to:
 (DESCRIPTION=(ADDRESS_LIST=(ADDRESS=(PROTOCOL=BEQ)(PROGRAM=oracle)(ARGV0=oracleblack)(ARGS='(DESCRIPTION=(LOCAL=YES)(ADDRESS=(PROTOCOL=beq)))')))(CONNECT_DATA=(SID=black)(CID=(PROGRAM=C:\Program Files (x86)\Seagate Software\Crystal Reports\crw32.exe)(HOST=SKANDWAL)(USER=sandeepk))))

  VERSION INFORMATION:
	TNS for 32-bit Windows: Version 10.2.0.1.0 - Production
  Time: 12-OCT-2017 17:20:27
  Tracing not turned on.


***********************************************************************
Fatal NI connect error 6413, connecting to:
 (DESCRIPTION=(ADDRESS_LIST=(ADDRESS=(PROTOCOL=TCP)(HOST=192.168.0.100)(PORT=1521)))(CONNECT_DATA=(SERVICE_NAME=server)(CID=(PROGRAM=C:\Program Files (x86)\Seagate Software\Crystal Reports\crw32.exe)(HOST=SKANDWAL)(USER=sandeepk))))

  VERSION INFORMATION:
	TNS for 32-bit Windows: Version 10.2.0.1.0 - Production
  Time: 12-OCT-2017 17:21:52
  Tracing not turned on.


***********************************************************************
Fatal NI connect error 6413, connecting to:
 (DESCRIPTION=(ADDRESS_LIST=(ADDRESS=(PROTOCOL=BEQ)(PROGRAM=oracle)(ARGV0=oracleblack)(ARGS='(DESCRIPTION=(LOCAL=YES)(ADDRESS=(PROTOCOL=beq)))')))(CONNECT_DATA=(SID=black)(CID=(PROGRAM=C:\Program Files (x86)\Seagate Software\Crystal Reports\crw32.exe)(HOST=SKANDWAL)(USER=sandeepk))))

  VERSION INFORMATION:
	TNS for 32-bit Windows: Version 10.2.0.1.0 - Production
  Time: 12-OCT-2017 17:21:52
  Tracing not turned on.


***********************************************************************
Fatal NI connect error 6413, connecting to:
 (DESCRIPTION=(ADDRESS_LIST=(ADDRESS=(PROTOCOL=TCP)(HOST=192.168.0.100)(PORT=1521)))(CONNECT_DATA=(SERVICE_NAME=server)(CID=(PROGRAM=C:\Program Files (x86)\Seagate Software\Crystal Reports\crw32.exe)(HOST=SKANDWAL)(USER=sandeepk))))

  VERSION INFORMATION:
	TNS for 32-bit Windows: Version 10.2.0.1.0 - Production
  Time: 12-OCT-2017 17:25:26
  Tracing not turned on.


***********************************************************************
Fatal NI connect error 6413, connecting to:
 (DESCRIPTION=(ADDRESS_LIST=(ADDRESS=(PROTOCOL=BEQ)(PROGRAM=oracle)(ARGV0=oracleblack)(ARGS='(DESCRIPTION=(LOCAL=YES)(ADDRESS=(PROTOCOL=beq)))')))(CONNECT_DATA=(SID=black)(CID=(PROGRAM=C:\Program Files (x86)\Seagate Software\Crystal Reports\crw32.exe)(HOST=SKANDWAL)(USER=sandeepk))))

  VERSION INFORMATION:
	TNS for 32-bit Windows: Version 10.2.0.1.0 - Production
  Time: 12-OCT-2017 17:25:26
  Tracing not turned on.


***********************************************************************
Fatal NI connect error 6413, connecting to:
 (DESCRIPTION=(ADDRESS_LIST=(ADDRESS=(PROTOCOL=TCP)(HOST=192.168.0.100)(PORT=1521)))(CONNECT_DATA=(SERVICE_NAME=server)(CID=(PROGRAM=C:\Program Files (x86)\Seagate Software\Crystal Reports\crw32.exe)(HOST=SKANDWAL)(USER=sandeepk))))

  VERSION INFORMATION:
	TNS for 32-bit Windows: Version 10.2.0.1.0 - Production
  Time: 12-OCT-2017 17:25:28
  Tracing not turned on.


***********************************************************************
Fatal NI connect error 6413, connecting to:
 (DESCRIPTION=(ADDRESS_LIST=(ADDRESS=(PROTOCOL=BEQ)(PROGRAM=oracle)(ARGV0=oracleblack)(ARGS='(DESCRIPTION=(LOCAL=YES)(ADDRESS=(PROTOCOL=beq)))')))(CONNECT_DATA=(SID=black)(CID=(PROGRAM=C:\Program Files (x86)\Seagate Software\Crystal Reports\crw32.exe)(HOST=SKANDWAL)(USER=sandeepk))))

  VERSION INFORMATION:
	TNS for 32-bit Windows: Version 10.2.0.1.0 - Production
  Time: 12-OCT-2017 17:25:28
  Tracing not turned on.


***********************************************************************
Fatal NI connect error 6413, connecting to:
 (DESCRIPTION=(ADDRESS_LIST=(ADDRESS=(PROTOCOL=TCP)(HOST=103.80.65.75)(PORT=1521)))(CONNECT_DATA=(SERVICE_NAME=server)(CID=(PROGRAM=C:\Program Files (x86)\Crystal Decisions\Crystal Reports 9\crw32.exe)(HOST=SKANDWAL)(USER=sandeepk))))

  VERSION INFORMATION:
	TNS for 32-bit Windows: Version 10.2.0.1.0 - Production
  Time: 16-JUL-2018 17:50:47
  Tracing not turned on.


***********************************************************************
Fatal NI connect error 6413, connecting to:
 (DESCRIPTION=(ADDRESS_LIST=(ADDRESS=(PROTOCOL=BEQ)(PROGRAM=oracle)(ARGV0=oracleblack)(ARGS='(DESCRIPTION=(LOCAL=YES)(ADDRESS=(PROTOCOL=beq)))')))(CONNECT_DATA=(SID=black)(CID=(PROGRAM=C:\Program Files (x86)\Crystal Decisions\Crystal Reports 9\crw32.exe)(HOST=SKANDWAL)(USER=sandeepk))))

  VERSION INFORMATION:
	TNS for 32-bit Windows: Version 10.2.0.1.0 - Production
  Time: 16-JUL-2018 17:50:47
  Tracing not turned on.


***********************************************************************
Fatal NI connect error 6413, connecting to:
 (DESCRIPTION=(ADDRESS_LIST=(ADDRESS=(PROTOCOL=TCP)(HOST=103.80.65.75)(PORT=1521)))(CONNECT_DATA=(SERVICE_NAME=server)(CID=(PROGRAM=C:\Program Files (x86)\Crystal Decisions\Crystal Reports 9\crw32.exe)(HOST=SKANDWAL)(USER=sandeepk))))

  VERSION INFORMATION:
	TNS for 32-bit Windows: Version 10.2.0.1.0 - Production
  Time: 16-JUL-2018 17:50:47
  Tracing not turned on.


***********************************************************************
Fatal NI connect error 6413, connecting to:
 (DESCRIPTION=(ADDRESS_LIST=(ADDRESS=(PROTOCOL=BEQ)(PROGRAM=oracle)(ARGV0=oracleblack)(ARGS='(DESCRIPTION=(LOCAL=YES)(ADDRESS=(PROTOCOL=beq)))')))(CONNECT_DATA=(SID=black)(CID=(PROGRAM=C:\Program Files (x86)\Crystal Decisions\Crystal Reports 9\crw32.exe)(HOST=SKANDWAL)(USER=sandeepk))))

  VERSION INFORMATION:
	TNS for 32-bit Windows: Version 10.2.0.1.0 - Production
  Time: 16-JUL-2018 17:50:47
  Tracing not turned on.


***********************************************************************
Fatal NI connect error 6413, connecting to:
 (DESCRIPTION=(ADDRESS_LIST=(ADDRESS=(PROTOCOL=TCP)(HOST=103.80.65.75)(PORT=1521)))(CONNECT_DATA=(SERVICE_NAME=server)(CID=(PROGRAM=C:\Program Files (x86)\Crystal Decisions\Crystal Reports 9\crw32.exe)(HOST=SKANDWAL)(USER=sandeepk))))

  VERSION INFORMATION:
	TNS for 32-bit Windows: Version 10.2.0.1.0 - Production
  Time: 16-JUL-2018 17:50:52
  Tracing not turned on.


***********************************************************************
Fatal NI connect error 6413, connecting to:
 (DESCRIPTION=(ADDRESS_LIST=(ADDRESS=(PROTOCOL=BEQ)(PROGRAM=oracle)(ARGV0=oracleblack)(ARGS='(DESCRIPTION=(LOCAL=YES)(ADDRESS=(PROTOCOL=beq)))')))(CONNECT_DATA=(SID=black)(CID=(PROGRAM=C:\Program Files (x86)\Crystal Decisions\Crystal Reports 9\crw32.exe)(HOST=SKANDWAL)(USER=sandeepk))))

  VERSION INFORMATION:
	TNS for 32-bit Windows: Version 10.2.0.1.0 - Production
  Time: 16-JUL-2018 17:50:52
  Tracing not turned on.


***********************************************************************
Fatal NI connect error 6413, connecting to:
 (DESCRIPTION=(ADDRESS_LIST=(ADDRESS=(PROTOCOL=TCP)(HOST=103.80.65.75)(PORT=1521)))(CONNECT_DATA=(SERVICE_NAME=server)(CID=(PROGRAM=C:\Program Files (x86)\Crystal Decisions\Crystal Reports 9\crw32.exe)(HOST=SKANDWAL)(USER=sandeepk))))

  VERSION INFORMATION:
	TNS for 32-bit Windows: Version 10.2.0.1.0 - Production
  Time: 16-JUL-2018 17:50:52
  Tracing not turned on.


***********************************************************************
Fatal NI connect error 6413, connecting to:
 (DESCRIPTION=(ADDRESS_LIST=(ADDRESS=(PROTOCOL=BEQ)(PROGRAM=oracle)(ARGV0=oracleblack)(ARGS='(DESCRIPTION=(LOCAL=YES)(ADDRESS=(PROTOCOL=beq)))')))(CONNECT_DATA=(SID=black)(CID=(PROGRAM=C:\Program Files (x86)\Crystal Decisions\Crystal Reports 9\crw32.exe)(HOST=SKANDWAL)(USER=sandeepk))))

  VERSION INFORMATION:
	TNS for 32-bit Windows: Version 10.2.0.1.0 - Production
  Time: 16-JUL-2018 17:50:52
  Tracing not turned on.


***********************************************************************
Fatal NI connect error 6413, connecting to:
 (DESCRIPTION=(ADDRESS_LIST=(ADDRESS=(PROTOCOL=TCP)(HOST=103.80.65.75)(PORT=1521)))(CONNECT_DATA=(SERVICE_NAME=server)(CID=(PROGRAM=C:\Program Files (x86)\Crystal Decisions\Crystal Reports 9\crw32.exe)(HOST=SKANDWAL)(USER=sandeepk))))

  VERSION INFORMATION:
	TNS for 32-bit Windows: Version 10.2.0.1.0 - Production
  Time: 16-JUL-2018 17:51:00
  Tracing not turned on.


***********************************************************************
Fatal NI connect error 6413, connecting to:
 (DESCRIPTION=(ADDRESS_LIST=(ADDRESS=(PROTOCOL=BEQ)(PROGRAM=oracle)(ARGV0=oracleblack)(ARGS='(DESCRIPTION=(LOCAL=YES)(ADDRESS=(PROTOCOL=beq)))')))(CONNECT_DATA=(SID=black)(CID=(PROGRAM=C:\Program Files (x86)\Crystal Decisions\Crystal Reports 9\crw32.exe)(HOST=SKANDWAL)(USER=sandeepk))))

  VERSION INFORMATION:
	TNS for 32-bit Windows: Version 10.2.0.1.0 - Production
  Time: 16-JUL-2018 17:51:00
  Tracing not turned on.


***********************************************************************
Fatal NI connect error 6413, connecting to:
 (DESCRIPTION=(ADDRESS_LIST=(ADDRESS=(PROTOCOL=TCP)(HOST=103.80.65.75)(PORT=1521)))(CONNECT_DATA=(SERVICE_NAME=server)(CID=(PROGRAM=C:\Program Files (x86)\Crystal Decisions\Crystal Reports 9\crw32.exe)(HOST=SKANDWAL)(USER=sandeepk))))

  VERSION INFORMATION:
	TNS for 32-bit Windows: Version 10.2.0.1.0 - Production
  Time: 16-JUL-2018 17:51:00
  Tracing not turned on.


***********************************************************************
Fatal NI connect error 6413, connecting to:
 (DESCRIPTION=(ADDRESS_LIST=(ADDRESS=(PROTOCOL=BEQ)(PROGRAM=oracle)(ARGV0=oracleblack)(ARGS='(DESCRIPTION=(LOCAL=YES)(ADDRESS=(PROTOCOL=beq)))')))(CONNECT_DATA=(SID=black)(CID=(PROGRAM=C:\Program Files (x86)\Crystal Decisions\Crystal Reports 9\crw32.exe)(HOST=SKANDWAL)(USER=sandeepk))))

  VERSION INFORMATION:
	TNS for 32-bit Windows: Version 10.2.0.1.0 - Production
  Time: 16-JUL-2018 17:51:00
  Tracing not turned on.


***********************************************************************
Fatal NI connect error 6413, connecting to:
 (DESCRIPTION=(ADDRESS_LIST=(ADDRESS=(PROTOCOL=TCP)(HOST=103.80.65.75)(PORT=1521)))(CONNECT_DATA=(SERVICE_NAME=server)(CID=(PROGRAM=C:\Program Files (x86)\Crystal Decisions\Crystal Reports 9\crw32.exe)(HOST=SKANDWAL)(USER=sandeepk))))

  VERSION INFORMATION:
	TNS for 32-bit Windows: Version 10.2.0.1.0 - Production
  Time: 16-JUL-2018 17:51:28
  Tracing not turned on.


***********************************************************************
Fatal NI connect error 6413, connecting to:
 (DESCRIPTION=(ADDRESS_LIST=(ADDRESS=(PROTOCOL=BEQ)(PROGRAM=oracle)(ARGV0=oracleblack)(ARGS='(DESCRIPTION=(LOCAL=YES)(ADDRESS=(PROTOCOL=beq)))')))(CONNECT_DATA=(SID=black)(CID=(PROGRAM=C:\Program Files (x86)\Crystal Decisions\Crystal Reports 9\crw32.exe)(HOST=SKANDWAL)(USER=sandeepk))))

  VERSION INFORMATION:
	TNS for 32-bit Windows: Version 10.2.0.1.0 - Production
  Time: 16-JUL-2018 17:51:28
  Tracing not turned on.


***********************************************************************
Fatal NI connect error 6413, connecting to:
 (DESCRIPTION=(ADDRESS_LIST=(ADDRESS=(PROTOCOL=TCP)(HOST=103.80.65.75)(PORT=1521)))(CONNECT_DATA=(SERVICE_NAME=server)(CID=(PROGRAM=C:\Program Files (x86)\Crystal Decisions\Crystal Reports 9\crw32.exe)(HOST=SKANDWAL)(USER=sandeepk))))

  VERSION INFORMATION:
	TNS for 32-bit Windows: Version 10.2.0.1.0 - Production
  Time: 16-JUL-2018 17:51:28
  Tracing not turned on.


***********************************************************************
Fatal NI connect error 6413, connecting to:
 (DESCRIPTION=(ADDRESS_LIST=(ADDRESS=(PROTOCOL=BEQ)(PROGRAM=oracle)(ARGV0=oracleblack)(ARGS='(DESCRIPTION=(LOCAL=YES)(ADDRESS=(PROTOCOL=beq)))')))(CONNECT_DATA=(SID=black)(CID=(PROGRAM=C:\Program Files (x86)\Crystal Decisions\Crystal Reports 9\crw32.exe)(HOST=SKANDWAL)(USER=sandeepk))))

  VERSION INFORMATION:
	TNS for 32-bit Windows: Version 10.2.0.1.0 - Production
  Time: 16-JUL-2018 17:51:28
  Tracing not turned on.


***********************************************************************
Fatal NI connect error 6413, connecting to:
 (DESCRIPTION=(ADDRESS_LIST=(ADDRESS=(PROTOCOL=TCP)(HOST=103.80.65.75)(PORT=1521)))(CONNECT_DATA=(SERVICE_NAME=server)(CID=(PROGRAM=C:\Program Files (x86)\Crystal Decisions\Crystal Reports 9\crw32.exe)(HOST=SKANDWAL)(USER=sandeepk))))

  VERSION INFORMATION:
	TNS for 32-bit Windows: Version 10.2.0.1.0 - Production
  Time: 16-JUL-2018 17:51:32
  Tracing not turned on.


***********************************************************************
Fatal NI connect error 6413, connecting to:
 (DESCRIPTION=(ADDRESS_LIST=(ADDRESS=(PROTOCOL=BEQ)(PROGRAM=oracle)(ARGV0=oracleblack)(ARGS='(DESCRIPTION=(LOCAL=YES)(ADDRESS=(PROTOCOL=beq)))')))(CONNECT_DATA=(SID=black)(CID=(PROGRAM=C:\Program Files (x86)\Crystal Decisions\Crystal Reports 9\crw32.exe)(HOST=SKANDWAL)(USER=sandeepk))))

  VERSION INFORMATION:
	TNS for 32-bit Windows: Version 10.2.0.1.0 - Production
  Time: 16-JUL-2018 17:51:32
  Tracing not turned on.


***********************************************************************
Fatal NI connect error 6413, connecting to:
 (DESCRIPTION=(ADDRESS_LIST=(ADDRESS=(PROTOCOL=TCP)(HOST=103.80.65.75)(PORT=1521)))(CONNECT_DATA=(SERVICE_NAME=server)(CID=(PROGRAM=C:\Program Files (x86)\Crystal Decisions\Crystal Reports 9\crw32.exe)(HOST=SKANDWAL)(USER=sandeepk))))

  VERSION INFORMATION:
	TNS for 32-bit Windows: Version 10.2.0.1.0 - Production
  Time: 16-JUL-2018 17:51:32
  Tracing not turned on.


***********************************************************************
Fatal NI connect error 6413, connecting to:
 (DESCRIPTION=(ADDRESS_LIST=(ADDRESS=(PROTOCOL=BEQ)(PROGRAM=oracle)(ARGV0=oracleblack)(ARGS='(DESCRIPTION=(LOCAL=YES)(ADDRESS=(PROTOCOL=beq)))')))(CONNECT_DATA=(SID=black)(CID=(PROGRAM=C:\Program Files (x86)\Crystal Decisions\Crystal Reports 9\crw32.exe)(HOST=SKANDWAL)(USER=sandeepk))))

  VERSION INFORMATION:
	TNS for 32-bit Windows: Version 10.2.0.1.0 - Production
  Time: 16-JUL-2018 17:51:32
  Tracing not turned on.


***********************************************************************
Fatal NI connect error 6413, connecting to:
 (DESCRIPTION=(ADDRESS_LIST=(ADDRESS=(PROTOCOL=TCP)(HOST=103.80.65.75)(PORT=1521)))(CONNECT_DATA=(SERVICE_NAME=server)(CID=(PROGRAM=C:\Program Files (x86)\Crystal Decisions\Crystal Reports 9\crw32.exe)(HOST=SKANDWAL)(USER=sandeepk))))

  VERSION INFORMATION:
	TNS for 32-bit Windows: Version 10.2.0.1.0 - Production
  Time: 16-JUL-2018 17:52:41
  Tracing not turned on.


***********************************************************************
Fatal NI connect error 6413, connecting to:
 (DESCRIPTION=(ADDRESS_LIST=(ADDRESS=(PROTOCOL=BEQ)(PROGRAM=oracle)(ARGV0=oracleblack)(ARGS='(DESCRIPTION=(LOCAL=YES)(ADDRESS=(PROTOCOL=beq)))')))(CONNECT_DATA=(SID=black)(CID=(PROGRAM=C:\Program Files (x86)\Crystal Decisions\Crystal Reports 9\crw32.exe)(HOST=SKANDWAL)(USER=sandeepk))))

  VERSION INFORMATION:
	TNS for 32-bit Windows: Version 10.2.0.1.0 - Production
  Time: 16-JUL-2018 17:52:41
  Tracing not turned on.


***********************************************************************
Fatal NI connect error 6413, connecting to:
 (DESCRIPTION=(ADDRESS_LIST=(ADDRESS=(PROTOCOL=TCP)(HOST=103.80.65.75)(PORT=1521)))(CONNECT_DATA=(SERVICE_NAME=server)(CID=(PROGRAM=C:\Program Files (x86)\Crystal Decisions\Crystal Reports 9\crw32.exe)(HOST=SKANDWAL)(USER=sandeepk))))

  VERSION INFORMATION:
	TNS for 32-bit Windows: Version 10.2.0.1.0 - Production
  Time: 16-JUL-2018 17:52:41
  Tracing not turned on.


***********************************************************************
Fatal NI connect error 6413, connecting to:
 (DESCRIPTION=(ADDRESS_LIST=(ADDRESS=(PROTOCOL=BEQ)(PROGRAM=oracle)(ARGV0=oracleblack)(ARGS='(DESCRIPTION=(LOCAL=YES)(ADDRESS=(PROTOCOL=beq)))')))(CONNECT_DATA=(SID=black)(CID=(PROGRAM=C:\Program Files (x86)\Crystal Decisions\Crystal Reports 9\crw32.exe)(HOST=SKANDWAL)(USER=sandeepk))))

  VERSION INFORMATION:
	TNS for 32-bit Windows: Version 10.2.0.1.0 - Production
  Time: 16-JUL-2018 17:52:42
  Tracing not turned on.


***********************************************************************
Fatal NI connect error 6413, connecting to:
 (DESCRIPTION=(ADDRESS_LIST=(ADDRESS=(PROTOCOL=TCP)(HOST=103.80.65.75)(PORT=1521)))(CONNECT_DATA=(SERVICE_NAME=server)(CID=(PROGRAM=C:\Program Files (x86)\Crystal Decisions\Crystal Reports 9\crw32.exe)(HOST=SKANDWAL)(USER=sandeepk))))

  VERSION INFORMATION:
	TNS for 32-bit Windows: Version 10.2.0.1.0 - Production
  Time: 16-JUL-2018 17:52:45
  Tracing not turned on.


***********************************************************************
Fatal NI connect error 6413, connecting to:
 (DESCRIPTION=(ADDRESS_LIST=(ADDRESS=(PROTOCOL=BEQ)(PROGRAM=oracle)(ARGV0=oracleblack)(ARGS='(DESCRIPTION=(LOCAL=YES)(ADDRESS=(PROTOCOL=beq)))')))(CONNECT_DATA=(SID=black)(CID=(PROGRAM=C:\Program Files (x86)\Crystal Decisions\Crystal Reports 9\crw32.exe)(HOST=SKANDWAL)(USER=sandeepk))))

  VERSION INFORMATION:
	TNS for 32-bit Windows: Version 10.2.0.1.0 - Production
  Time: 16-JUL-2018 17:52:45
  Tracing not turned on.


***********************************************************************
Fatal NI connect error 6413, connecting to:
 (DESCRIPTION=(ADDRESS_LIST=(ADDRESS=(PROTOCOL=TCP)(HOST=103.80.65.75)(PORT=1521)))(CONNECT_DATA=(SERVICE_NAME=server)(CID=(PROGRAM=C:\Program Files (x86)\Crystal Decisions\Crystal Reports 9\crw32.exe)(HOST=SKANDWAL)(USER=sandeepk))))

  VERSION INFORMATION:
	TNS for 32-bit Windows: Version 10.2.0.1.0 - Production
  Time: 16-JUL-2018 17:52:45
  Tracing not turned on.


***********************************************************************
Fatal NI connect error 6413, connecting to:
 (DESCRIPTION=(ADDRESS_LIST=(ADDRESS=(PROTOCOL=BEQ)(PROGRAM=oracle)(ARGV0=oracleblack)(ARGS='(DESCRIPTION=(LOCAL=YES)(ADDRESS=(PROTOCOL=beq)))')))(CONNECT_DATA=(SID=black)(CID=(PROGRAM=C:\Program Files (x86)\Crystal Decisions\Crystal Reports 9\crw32.exe)(HOST=SKANDWAL)(USER=sandeepk))))

  VERSION INFORMATION:
	TNS for 32-bit Windows: Version 10.2.0.1.0 - Production
  Time: 16-JUL-2018 17:52:45
  Tracing not turned on.


***********************************************************************
Fatal NI connect error 6413, connecting to:
 (DESCRIPTION=(ADDRESS_LIST=(ADDRESS=(PROTOCOL=TCP)(HOST=103.80.65.75)(PORT=1521)))(CONNECT_DATA=(SERVICE_NAME=server)(CID=(PROGRAM=C:\Program Files (x86)\Crystal Decisions\Crystal Reports 9\crw32.exe)(HOST=SKANDWAL)(USER=sandeepk))))

  VERSION INFORMATION:
	TNS for 32-bit Windows: Version 10.2.0.1.0 - Production
  Time: 16-JUL-2018 17:52:49
  Tracing not turned on.


***********************************************************************
Fatal NI connect error 6413, connecting to:
 (DESCRIPTION=(ADDRESS_LIST=(ADDRESS=(PROTOCOL=BEQ)(PROGRAM=oracle)(ARGV0=oracleblack)(ARGS='(DESCRIPTION=(LOCAL=YES)(ADDRESS=(PROTOCOL=beq)))')))(CONNECT_DATA=(SID=black)(CID=(PROGRAM=C:\Program Files (x86)\Crystal Decisions\Crystal Reports 9\crw32.exe)(HOST=SKANDWAL)(USER=sandeepk))))

  VERSION INFORMATION:
	TNS for 32-bit Windows: Version 10.2.0.1.0 - Production
  Time: 16-JUL-2018 17:52:49
  Tracing not turned on.


***********************************************************************
Fatal NI connect error 6413, connecting to:
 (DESCRIPTION=(ADDRESS_LIST=(ADDRESS=(PROTOCOL=TCP)(HOST=103.80.65.75)(PORT=1521)))(CONNECT_DATA=(SERVICE_NAME=server)(CID=(PROGRAM=C:\Program Files (x86)\Crystal Decisions\Crystal Reports 9\crw32.exe)(HOST=SKANDWAL)(USER=sandeepk))))

  VERSION INFORMATION:
	TNS for 32-bit Windows: Version 10.2.0.1.0 - Production
  Time: 16-JUL-2018 17:52:50
  Tracing not turned on.


***********************************************************************
Fatal NI connect error 6413, connecting to:
 (DESCRIPTION=(ADDRESS_LIST=(ADDRESS=(PROTOCOL=BEQ)(PROGRAM=oracle)(ARGV0=oracleblack)(ARGS='(DESCRIPTION=(LOCAL=YES)(ADDRESS=(PROTOCOL=beq)))')))(CONNECT_DATA=(SID=black)(CID=(PROGRAM=C:\Program Files (x86)\Crystal Decisions\Crystal Reports 9\crw32.exe)(HOST=SKANDWAL)(USER=sandeepk))))

  VERSION INFORMATION:
	TNS for 32-bit Windows: Version 10.2.0.1.0 - Production
  Time: 16-JUL-2018 17:52:50
  Tracing not turned on.


***********************************************************************
Fatal NI connect error 6413, connecting to:
 (DESCRIPTION=(ADDRESS_LIST=(ADDRESS=(PROTOCOL=TCP)(HOST=103.80.65.75)(PORT=1521)))(CONNECT_DATA=(SERVICE_NAME=server)(CID=(PROGRAM=C:\Program Files (x86)\Crystal Decisions\Crystal Reports 9\crw32.exe)(HOST=SKANDWAL)(USER=sandeepk))))

  VERSION INFORMATION:
	TNS for 32-bit Windows: Version 10.2.0.1.0 - Production
  Time: 16-JUL-2018 17:53:31
  Tracing not turned on.


***********************************************************************
Fatal NI connect error 6413, connecting to:
 (DESCRIPTION=(ADDRESS_LIST=(ADDRESS=(PROTOCOL=BEQ)(PROGRAM=oracle)(ARGV0=oracleblack)(ARGS='(DESCRIPTION=(LOCAL=YES)(ADDRESS=(PROTOCOL=beq)))')))(CONNECT_DATA=(SID=black)(CID=(PROGRAM=C:\Program Files (x86)\Crystal Decisions\Crystal Reports 9\crw32.exe)(HOST=SKANDWAL)(USER=sandeepk))))

  VERSION INFORMATION:
	TNS for 32-bit Windows: Version 10.2.0.1.0 - Production
  Time: 16-JUL-2018 17:53:31
  Tracing not turned on.


***********************************************************************
Fatal NI connect error 6413, connecting to:
 (DESCRIPTION=(ADDRESS_LIST=(ADDRESS=(PROTOCOL=TCP)(HOST=122.160.185.84)(PORT=1521)))(CONNECT_DATA=(SERVICE_NAME=server)(CID=(PROGRAM=C:\Program Files (x86)\Crystal Decisions\Crystal Reports 9\crw32.exe)(HOST=SKANDWAL)(USER=sandeepk))))

  VERSION INFORMATION:
	TNS for 32-bit Windows: Version 10.2.0.1.0 - Production
  Time: 17-FEB-2020 16:55:41
  Tracing not turned on.


***********************************************************************
Fatal NI connect error 6413, connecting to:
 (DESCRIPTION=(ADDRESS_LIST=(ADDRESS=(PROTOCOL=BEQ)(PROGRAM=oracle)(ARGV0=oracleblack)(ARGS='(DESCRIPTION=(LOCAL=YES)(ADDRESS=(PROTOCOL=beq)))')))(CONNECT_DATA=(SID=black)(CID=(PROGRAM=C:\Program Files (x86)\Crystal Decisions\Crystal Reports 9\crw32.exe)(HOST=SKANDWAL)(USER=sandeepk))))

  VERSION INFORMATION:
	TNS for 32-bit Windows: Version 10.2.0.1.0 - Production
  Time: 17-FEB-2020 16:55:41
  Tracing not turned on.


***********************************************************************
Fatal NI connect error 6413, connecting to:
 (DESCRIPTION=(ADDRESS_LIST=(ADDRESS=(PROTOCOL=TCP)(HOST=122.160.185.84)(PORT=1521)))(CONNECT_DATA=(SERVICE_NAME=server)(CID=(PROGRAM=C:\Program Files (x86)\Crystal Decisions\Crystal Reports 9\crw32.exe)(HOST=SKANDWAL)(USER=sandeepk))))

  VERSION INFORMATION:
	TNS for 32-bit Windows: Version 10.2.0.1.0 - Production
  Time: 17-FEB-2020 16:55:41
  Tracing not turned on.


***********************************************************************
Fatal NI connect error 6413, connecting to:
 (DESCRIPTION=(ADDRESS_LIST=(ADDRESS=(PROTOCOL=BEQ)(PROGRAM=oracle)(ARGV0=oracleblack)(ARGS='(DESCRIPTION=(LOCAL=YES)(ADDRESS=(PROTOCOL=beq)))')))(CONNECT_DATA=(SID=black)(CID=(PROGRAM=C:\Program Files (x86)\Crystal Decisions\Crystal Reports 9\crw32.exe)(HOST=SKANDWAL)(USER=sandeepk))))

  VERSION INFORMATION:
	TNS for 32-bit Windows: Version 10.2.0.1.0 - Production
  Time: 17-FEB-2020 16:55:41
  Tracing not turned on.


***********************************************************************
Fatal NI connect error 6413, connecting to:
 (DESCRIPTION=(ADDRESS_LIST=(ADDRESS=(PROTOCOL=TCP)(HOST=122.160.185.84)(PORT=1521)))(CONNECT_DATA=(SERVICE_NAME=server)(CID=(PROGRAM=C:\Program Files (x86)\Crystal Decisions\Crystal Reports 9\crw32.exe)(HOST=SKANDWAL)(USER=sandeepk))))

  VERSION INFORMATION:
	TNS for 32-bit Windows: Version 10.2.0.1.0 - Production
  Time: 17-FEB-2020 16:55:46
  Tracing not turned on.


***********************************************************************
Fatal NI connect error 6413, connecting to:
 (DESCRIPTION=(ADDRESS_LIST=(ADDRESS=(PROTOCOL=BEQ)(PROGRAM=oracle)(ARGV0=oracleblack)(ARGS='(DESCRIPTION=(LOCAL=YES)(ADDRESS=(PROTOCOL=beq)))')))(CONNECT_DATA=(SID=black)(CID=(PROGRAM=C:\Program Files (x86)\Crystal Decisions\Crystal Reports 9\crw32.exe)(HOST=SKANDWAL)(USER=sandeepk))))

  VERSION INFORMATION:
	TNS for 32-bit Windows: Version 10.2.0.1.0 - Production
  Time: 17-FEB-2020 16:55:46
  Tracing not turned on.


***********************************************************************
Fatal NI connect error 6413, connecting to:
 (DESCRIPTION=(ADDRESS_LIST=(ADDRESS=(PROTOCOL=TCP)(HOST=122.160.185.84)(PORT=1521)))(CONNECT_DATA=(SERVICE_NAME=server)(CID=(PROGRAM=C:\Program Files (x86)\Crystal Decisions\Crystal Reports 9\crw32.exe)(HOST=SKANDWAL)(USER=sandeepk))))

  VERSION INFORMATION:
	TNS for 32-bit Windows: Version 10.2.0.1.0 - Production
  Time: 17-FEB-2020 16:55:46
  Tracing not turned on.


***********************************************************************
Fatal NI connect error 6413, connecting to:
 (DESCRIPTION=(ADDRESS_LIST=(ADDRESS=(PROTOCOL=BEQ)(PROGRAM=oracle)(ARGV0=oracleblack)(ARGS='(DESCRIPTION=(LOCAL=YES)(ADDRESS=(PROTOCOL=beq)))')))(CONNECT_DATA=(SID=black)(CID=(PROGRAM=C:\Program Files (x86)\Crystal Decisions\Crystal Reports 9\crw32.exe)(HOST=SKANDWAL)(USER=sandeepk))))

  VERSION INFORMATION:
	TNS for 32-bit Windows: Version 10.2.0.1.0 - Production
  Time: 17-FEB-2020 16:55:46
  Tracing not turned on.


***********************************************************************
Fatal NI connect error 12170.

  VERSION INFORMATION:
	TNS for 32-bit Windows: Version 10.2.0.1.0 - Production
	Windows NT TCP/IP NT Protocol Adapter for 32-bit Windows: Version 10.2.0.1.0 - Production
  Time: 29-FEB-2020 21:05:36
  Tracing not turned on.
  Tns error struct:
    ns main err code: 12535
    TNS-12535: TNS:operation timed out
    ns secondary err code: 12560
    nt main err code: 505
    TNS-00505: Operation timed out
    nt secondary err code: 60
    nt OS err code: 0
  Client address: (ADDRESS=(PROTOCOL=tcp)(HOST=122.160.185.84)(PORT=1521))


***********************************************************************
Fatal NI connect error 12560, connecting to:
 (DESCRIPTION=(ADDRESS=(PROTOCOL=BEQ)(PROGRAM=oracle)(ARGV0=oracleORCL)(ARGS='(DESCRIPTION=(LOCAL=YES)(ADDRESS=(PROTOCOL=beq)))'))(CONNECT_DATA=(SID=ORCL)(CID=(PROGRAM=C:\Program Files x86\Seagate Software\Crystal Reports\crw32.exe)(HOST=SKANDWAL)(USER=sandeepk))))

  VERSION INFORMATION:
	TNS for 32-bit Windows: Version 10.2.0.1.0 - Production
	Oracle Bequeath NT Protocol Adapter for 32-bit Windows: Version 10.2.0.1.0 - Production
  Time: 06-DEC-2020 12:57:10
  Tracing not turned on.
  Tns error struct:
    ns main err code: 12560
    TNS-12560: Message 12560 not found; No message file for product=NETWORK, facility=TNS
    ns secondary err code: 0
    nt main err code: 530
    TNS-00530: Message 530 not found; No message file for product=NETWORK, facility=TNS
    nt secondary err code: 2
    nt OS err code: 0
